**WARN: (IMPVFG-1209):	The value of -limit setting is too large or not positive; changed into maximum integer 2147483647 automatically.
#-limit 2147483646                       # int, default=2147483646, user setting
 *** Starting Verify DRC (MEM: 4436.5) ***

  VERIFY DRC ...... Starting Verification
  VERIFY DRC ...... Initializing
  VERIFY DRC ...... Deleting Existing Violations
  VERIFY DRC ...... Creating Sub-Areas
  VERIFY DRC ...... Using new threading
 VERIFY DRC ...... Sub-Area: {369.920 0.000 554.880 184.960} 3 of 100  Thread : 7
 VERIFY DRC ...... Sub-Area: {0.000 0.000 184.960 184.960} 1 of 100  Thread : 3
 VERIFY DRC ...... Sub-Area: {739.840 0.000 924.800 184.960} 5 of 100  Thread : 0
 VERIFY DRC ...... Sub-Area: {1479.680 0.000 1664.640 184.960} 9 of 100  Thread : 2
 VERIFY DRC ...... Sub-Area: {1109.760 0.000 1294.720 184.960} 7 of 100  Thread : 4
 VERIFY DRC ...... Sub-Area: {0.000 369.920 184.960 554.880} 21 of 100  Thread : 5
 VERIFY DRC ...... Sub-Area: {184.960 0.000 369.920 184.960} 2 of 100  Thread : 3
 VERIFY DRC ...... Sub-Area: {554.880 0.000 739.840 184.960} 4 of 100  Thread : 0
 VERIFY DRC ...... Sub-Area: {1664.640 0.000 1840.320 184.960} 10 of 100  Thread : 2
 VERIFY DRC ...... Sub-Area: {924.800 0.000 1109.760 184.960} 6 of 100  Thread : 4
 VERIFY DRC ...... Sub-Area: {0.000 554.880 184.960 739.840} 31 of 100  Thread : 0
 VERIFY DRC ...... Sub-Area: {1294.720 0.000 1479.680 184.960} 8 of 100  Thread : 5
 VERIFY DRC ...... Sub-Area: {0.000 184.960 184.960 369.920} 11 of 100  Thread : 2
 VERIFY DRC ...... Sub-Area: {0.000 739.840 184.960 924.800} 41 of 100  Thread : 0
 VERIFY DRC ...... Sub-Area: {1479.680 369.920 1664.640 554.880} 29 of 100  Thread : 3
 VERIFY DRC ...... Sub-Area: {1479.680 184.960 1664.640 369.920} 19 of 100  Thread : 3
 VERIFY DRC ...... Sub-Area: {1664.640 184.960 1840.320 369.920} 20 of 100  Thread : 3
 VERIFY DRC ...... Sub-Area: {1664.640 369.920 1840.320 554.880} 30 of 100  Thread : 3
 VERIFY DRC ...... Sub-Area: {0.000 924.800 184.960 1109.760} 51 of 100  Thread : 3
 VERIFY DRC ...... Sub-Area: {0.000 1109.760 184.960 1294.720} 61 of 100  Thread : 3
 VERIFY DRC ...... Sub-Area: {184.960 1109.760 369.920 1294.720} 62 of 100  Thread : 3
 VERIFY DRC ...... Sub-Area: {1479.680 739.840 1664.640 924.800} 49 of 100  Thread : 0
 VERIFY DRC ...... Sub-Area: {1479.680 554.880 1664.640 739.840} 39 of 100  Thread : 0
 VERIFY DRC ...... Sub-Area: {1664.640 554.880 1840.320 739.840} 40 of 100  Thread : 0
 VERIFY DRC ...... Sub-Area: {1664.640 739.840 1840.320 924.800} 50 of 100  Thread : 0
 VERIFY DRC ...... Sub-Area: {1479.680 924.800 1664.640 1109.760} 59 of 100  Thread : 0
 VERIFY DRC ...... Sub-Area: {1664.640 924.800 1840.320 1109.760} 60 of 100  Thread : 0
 VERIFY DRC ...... Sub-Area: {369.920 369.920 554.880 554.880} 23 of 100  Thread : 1
 VERIFY DRC ...... Sub-Area: {184.960 184.960 369.920 369.920} 12 of 100  Thread : 1
 VERIFY DRC ...... Sub-Area: {369.920 184.960 554.880 369.920} 13 of 100  Thread : 1
 VERIFY DRC ...... Sub-Area: {739.840 1109.760 924.800 1294.720} 65 of 100  Thread : 0
 VERIFY DRC ...... Sub-Area: {184.960 369.920 369.920 554.880} 22 of 100  Thread : 1
 VERIFY DRC ...... Sub-Area: {1109.760 369.920 1294.720 554.880} 27 of 100  Thread : 7
 VERIFY DRC ...... Sub-Area: {1109.760 184.960 1294.720 369.920} 17 of 100  Thread : 7
 VERIFY DRC ...... Sub-Area: {1294.720 184.960 1479.680 369.920} 18 of 100  Thread : 7
 VERIFY DRC ...... Sub-Area: {739.840 369.920 924.800 554.880} 25 of 100  Thread : 6
 VERIFY DRC ...... Sub-Area: {1294.720 1109.760 1479.680 1294.720} 68 of 100  Thread : 1
 VERIFY DRC ...... Sub-Area: {924.800 184.960 1109.760 369.920} 16 of 100  Thread : 1
 VERIFY DRC ...... Sub-Area: {739.840 739.840 924.800 924.800} 45 of 100  Thread : 5
 VERIFY DRC ...... Sub-Area: {1479.680 1109.760 1664.640 1294.720} 69 of 100  Thread : 5
 VERIFY DRC ...... Sub-Area: {1664.640 1109.760 1840.320 1294.720} 70 of 100  Thread : 5
 VERIFY DRC ...... Sub-Area: {0.000 1294.720 184.960 1479.680} 71 of 100  Thread : 5
 VERIFY DRC ...... Sub-Area: {554.880 184.960 739.840 369.920} 14 of 100  Thread : 6
 VERIFY DRC ...... Sub-Area: {369.920 739.840 554.880 924.800} 43 of 100  Thread : 4
 VERIFY DRC ...... Sub-Area: {369.920 1109.760 554.880 1294.720} 63 of 100  Thread : 3
 VERIFY DRC ...... Sub-Area: {184.960 554.880 369.920 739.840} 32 of 100  Thread : 4
 VERIFY DRC ...... Sub-Area: {1294.720 1294.720 1479.680 1479.680} 78 of 100  Thread : 5
 VERIFY DRC ...... Sub-Area: {1294.720 369.920 1479.680 554.880} 28 of 100  Thread : 7
 VERIFY DRC ...... Sub-Area: {184.960 1294.720 369.920 1479.680} 72 of 100  Thread : 7
 VERIFY DRC ...... Sub-Area: {1479.680 1294.720 1664.640 1479.680} 79 of 100  Thread : 7
 VERIFY DRC ...... Sub-Area: {1664.640 1294.720 1840.320 1479.680} 80 of 100  Thread : 7
 VERIFY DRC ...... Sub-Area: {0.000 1479.680 184.960 1664.640} 81 of 100  Thread : 7
 VERIFY DRC ...... Sub-Area: {184.960 1479.680 369.920 1664.640} 82 of 100  Thread : 7
 VERIFY DRC ...... Sub-Area: {184.960 739.840 369.920 924.800} 42 of 100  Thread : 4
 VERIFY DRC ...... Sub-Area: {369.920 1479.680 554.880 1664.640} 83 of 100  Thread : 7
 VERIFY DRC ...... Sub-Area: {554.880 1479.680 739.840 1664.640} 84 of 100  Thread : 7
 VERIFY DRC ...... Sub-Area: {184.960 924.800 369.920 1109.760} 52 of 100  Thread : 4
 VERIFY DRC ...... Sub-Area: {739.840 1479.680 924.800 1664.640} 85 of 100  Thread : 7
 VERIFY DRC ...... Sub-Area: {1479.680 1479.680 1664.640 1664.640} 89 of 100  Thread : 7
 VERIFY DRC ...... Sub-Area: {1664.640 1479.680 1840.320 1664.640} 90 of 100  Thread : 7
 VERIFY DRC ...... Sub-Area: {0.000 1664.640 184.960 1840.020} 91 of 100  Thread : 7
 VERIFY DRC ...... Sub-Area: {184.960 1664.640 369.920 1840.020} 92 of 100  Thread : 7
 VERIFY DRC ...... Sub-Area: {369.920 1664.640 554.880 1840.020} 93 of 100  Thread : 7
 VERIFY DRC ...... Sub-Area: {554.880 1664.640 739.840 1840.020} 94 of 100  Thread : 7
 VERIFY DRC ...... Sub-Area: {1109.760 1479.680 1294.720 1664.640} 87 of 100  Thread : 4
 VERIFY DRC ...... Sub-Area: {739.840 1664.640 924.800 1840.020} 95 of 100  Thread : 7
 VERIFY DRC ...... Sub-Area: {924.800 1479.680 1109.760 1664.640} 86 of 100  Thread : 7
 VERIFY DRC ...... Sub-Area: {1294.720 1479.680 1479.680 1664.640} 88 of 100  Thread : 4
 VERIFY DRC ...... Sub-Area: {924.800 1664.640 1109.760 1840.020} 96 of 100  Thread : 7
 VERIFY DRC ...... Sub-Area: {1294.720 1664.640 1479.680 1840.020} 98 of 100  Thread : 4
 VERIFY DRC ...... Sub-Area: {1664.640 1664.640 1840.320 1840.020} 100 of 100  Thread : 7
 VERIFY DRC ...... Sub-Area: {1109.760 1664.640 1294.720 1840.020} 97 of 100  Thread : 4
 VERIFY DRC ...... Sub-Area: {1479.680 1664.640 1664.640 1840.020} 99 of 100  Thread : 7
 VERIFY DRC ...... Sub-Area: {1109.760 739.840 1294.720 924.800} 47 of 100  Thread : 2
 VERIFY DRC ...... Sub-Area: {924.800 1109.760 1109.760 1294.720} 66 of 100  Thread : 0
 VERIFY DRC ...... Sub-Area: {924.800 1294.720 1109.760 1479.680} 76 of 100  Thread : 0
 VERIFY DRC ...... Sub-Area: {1109.760 1294.720 1294.720 1479.680} 77 of 100  Thread : 0
 VERIFY DRC ...... Sub-Area: {924.800 369.920 1109.760 554.880} 26 of 100  Thread : 1
 VERIFY DRC ...... Sub-Area: {1294.720 554.880 1479.680 739.840} 38 of 100  Thread : 2
 VERIFY DRC ...... Sub-Area: {554.880 369.920 739.840 554.880} 24 of 100  Thread : 6
 VERIFY DRC ...... Sub-Area: {739.840 184.960 924.800 369.920} 15 of 100  Thread : 6
 VERIFY DRC ...... Sub-Area: {554.880 739.840 739.840 924.800} 44 of 100  Thread : 3
 VERIFY DRC ...... Sub-Area: {554.880 1109.760 739.840 1294.720} 64 of 100  Thread : 5
 VERIFY DRC ...... Sub-Area: {739.840 1294.720 924.800 1479.680} 75 of 100  Thread : 0
 VERIFY DRC ...... Sub-Area: {1294.720 924.800 1479.680 1109.760} 58 of 100  Thread : 4
 VERIFY DRC ...... Sub-Area: {369.920 1294.720 554.880 1479.680} 73 of 100  Thread : 6
 VERIFY DRC ...... Sub-Area: {924.800 739.840 1109.760 924.800} 46 of 100  Thread : 7
 VERIFY DRC ...... Sub-Area: {369.920 554.880 554.880 739.840} 33 of 100  Thread : 3
 VERIFY DRC ...... Sub-Area: {554.880 1294.720 739.840 1479.680} 74 of 100  Thread : 6
 VERIFY DRC ...... Sub-Area: {369.920 924.800 554.880 1109.760} 53 of 100  Thread : 5
 VERIFY DRC ...... Sub-Area: {1109.760 1109.760 1294.720 1294.720} 67 of 100  Thread : 2
 VERIFY DRC ...... Sub-Area: {1294.720 739.840 1479.680 924.800} 48 of 100  Thread : 4
 VERIFY DRC ...... Sub-Area: {739.840 554.880 924.800 739.840} 35 of 100  Thread : 7
 VERIFY DRC ...... Sub-Area: {739.840 924.800 924.800 1109.760} 55 of 100  Thread : 1
 VERIFY DRC ...... Sub-Area: {554.880 554.880 739.840 739.840} 34 of 100  Thread : 7
 VERIFY DRC ...... Sub-Area: {1109.760 554.880 1294.720 739.840} 37 of 100  Thread : 4
 VERIFY DRC ...... Sub-Area: {1109.760 924.800 1294.720 1109.760} 57 of 100  Thread : 0
 VERIFY DRC ...... Thread : 3 finished.
 VERIFY DRC ...... Sub-Area: {554.880 924.800 739.840 1109.760} 54 of 100  Thread : 1
 VERIFY DRC ...... Thread : 1 finished.
 VERIFY DRC ...... Sub-Area: {924.800 554.880 1109.760 739.840} 36 of 100  Thread : 4
 VERIFY DRC ...... Thread : 4 finished.
 VERIFY DRC ...... Sub-Area: {924.800 924.800 1109.760 1109.760} 56 of 100  Thread : 0
 VERIFY DRC ...... Thread : 0 finished.

  Verification Complete : 3998 Viols.

 Violation Summary By Layer and Type:

	         MetSpc    Short   MinCut      Mar   Totals
	Metal1     3987        2        0        0     3989
	Metal2        0        2        0        0        2
	Metal3        0        2        0        0        2
	Via3          0        0        1        0        1
	Metal4        0        2        0        1        3
	Via4          0        0        1        0        1
	Totals     3987        8        2        1     3998

 *** End Verify DRC (CPU: 0:00:12.4  ELAPSED TIME: 3.00  MEM: 188.0M) ***

