###############################################################
#  Generated by:      Cadence Innovus 20.10-p004_1
#  OS:                Linux x86_64(Host ID ictc-eda-be-9-ldap-1)
#  Generated on:      Tue Jun 16 12:10:29 2026
#  Design:            croc_chip
#  Command:           report_ccopt_clock_trees -file ../rpt/03_CTS/ccopt_clock_trees.rpt
###############################################################

Clock DAG stats:
================

---------------------------------------------------------------
Cell type                     Count    Area         Capacitance
---------------------------------------------------------------
Buffers                        175      3919.104       1.347
Inverters                        1         5.443       0.003
Integrated Clock Gates           0         0.000       0.000
Non-Integrated Clock Gates       0         0.000       0.000
Clock Logic                      3     28818.144       0.491
All                            179     32742.691       1.841
---------------------------------------------------------------


Clock DAG wire lengths:
=======================

--------------------
Type     Wire Length
--------------------
Top           0.000
Trunk     10943.485
Leaf      59535.420
Total     70478.905
--------------------


Clock DAG hp wire lengths:
==========================

-----------------------
Type     hp Wire Length
-----------------------
Top            0.000
Trunk       7382.710
Leaf       25598.774
Total      32981.484
-----------------------


Clock DAG capacitances:
=======================

----------------------------------
Type     Gate      Wire     Total
----------------------------------
Top       0.000    0.000     0.000
Trunk     1.841    1.412     3.253
Leaf     14.601    8.260    22.861
Total    16.442    9.672    26.114
----------------------------------


Clock DAG sink capacitances:
============================

---------------------------------------------------------
Count    Total     Average    Std. Dev.    Min      Max
---------------------------------------------------------
5274     14.601     0.003       0.003      0.003    0.244
---------------------------------------------------------


Clock DAG net violations:
=========================

None


Clock DAG primary half-corner transition distribution:
======================================================

----------------------------------------------------------------------------------------------------------------------------------------------------------------
Net Type    Target    Count    Average    Std. Dev.    Min      Max      Distribution                                                                Over Target
----------------------------------------------------------------------------------------------------------------------------------------------------------------
Trunk       0.500       13      0.319       0.109      0.095    0.478    {4 <= 0.300ns, 7 <= 0.400ns, 0 <= 0.450ns, 0 <= 0.475ns, 2 <= 0.500ns}           -
Leaf        0.500      169      0.159       0.076      0.057    0.478    {158 <= 0.300ns, 1 <= 0.400ns, 8 <= 0.450ns, 1 <= 0.475ns, 1 <= 0.500ns}         -
----------------------------------------------------------------------------------------------------------------------------------------------------------------


Clock DAG library cell distribution:
====================================

-------------------------------------------------
Name              Type        Inst     Inst Area 
                              Count    (um^2)
-------------------------------------------------
sg13g2_buf_8      buffer       159      3750.365
sg13g2_buf_4      buffer         5        72.576
sg13g2_buf_2      buffer         9        81.648
sg13g2_buf_1      buffer         2        14.515
sg13g2_inv_1      inverter       1         5.443
sg13g2_IOPadIn    logic          2     28800.000
sg13g2_mux2_1     logic          1        18.144
-------------------------------------------------



Please note that the following tables reflect only the defined clock trees, so the flop counts might not include all flops in your design.

Clock Tree Summary:
===================

-----------------------------------------------------------------------------------------------------------------------
Clock Tree  Clock  Bufs  Invs  Other  Max       Max     Max      Max          Standard   Wire   Gate    Clock Tree Root
Name        Gates              Clock  Non-leaf  Leaf    Length   Source-sink  cell area  cap    cap     
                               Cells  Fanout    Fanout  (um)     Resistance   (um^2)     (pF)   (pF)    
                                                                 (Ohms)                                 
-----------------------------------------------------------------------------------------------------------------------
clk_jtg       0     11    1      2       10       32     410.93    3718.66    14536.080  0.576   1.073  jtag_tck_i
clk_rtc       0      0    0      0        0        1       0         62           0.000  0.001   0.244  ref_clk_i
clk_sys       0    164    0      1       29       32    1303.39    8309.01    18206.611  9.096  15.125  clk_i
-----------------------------------------------------------------------------------------------------------------------

3 clock trees contain a total of 4 nets marked dont_touch, which will not have been buffered, and may have Design Rule Violations as a consequence.
3 clock trees contain a total of 4 nets marked ideal_network, which will not have been buffered, and may have Design Rule Violations as a consequence.

Clock Sink Summary:
===================

-------------------------------------------------------------------------------------------------------------------------------------------
Clock Tree  Explicit      Implicit      Explicit     Implicit     Explicit   Implicit   Posedge  Negedge  Memory  Enable  Non enable  Other
Name        exclude pins  exclude pins  ignore pins  ignore pins  stop pins  stop pins  Flops    Flops    Clock   Latch   Latch       Sinks
                                                                                                          Pins    Sinks   Sinks       
-------------------------------------------------------------------------------------------------------------------------------------------
clk_jtg          0             0             1            0           0          0        289       0       0       0         0         1
clk_rtc          0             0             1            0           0          0          0       0       0       0         0         1
clk_sys          0             0             0            0           0          0       4981       0       2       0         0         0
-------------------------------------------------------------------------------------------------------------------------------------------

Summary across all clock trees:
===============================

--------------------------------------------------------------------------------------------------------------
Clock  Bufs  Invs  Other  Max       Average   Max     Average  Max       Max          Standard   Wire   Gate
Gates              Clock  Non-leaf  Non-leaf  Leaf    Leaf     Length    Source-sink  cell area  cap    cap
                   Cells  Fanout    Fanout    Fanout  Fanout   (um)      Resistance   (um^2)     (pF)   (pF)
                                                                         (Ohms)                         
--------------------------------------------------------------------------------------------------------------
  0    175    1      3       29     13.7692     32    31.2071  1303.395    830.901    32742.691  9.672  16.442
--------------------------------------------------------------------------------------------------------------

Clock Sink Summary across all clock trees:
==========================================

-------------------------------------------------------------------------------------------------------------------------------
Explicit      Implicit      Explicit     Implicit     Explicit   Implicit   Posedge  Negedge  Memory  Enable  Non enable  Other
exclude pins  exclude pins  ignore pins  ignore pins  stop pins  stop pins  Flops    Flops    Clock   Latch   Latch       Sinks
                                                                                              Pins    Sinks   Sinks       
-------------------------------------------------------------------------------------------------------------------------------
     0             0             2            0           0          0       5270       0       2       0         0         2
-------------------------------------------------------------------------------------------------------------------------------

Physical metrics across all clock trees:
========================================

------------------------------------------------------------------------
Metric                               Minimum  Average  Maximum   Std.dev
------------------------------------------------------------------------
Source-sink routed net length (um)    0.000   148.183  1303.395  127.666
Source-sink manhattan distance (um)   0.000   139.066  1302.720  125.571
Source-sink resistance (Ohm)          6.200   276.960   830.901   89.529
------------------------------------------------------------------------

Transition distribution for half-corner delay_wc:setup.late:
============================================================

----------------------------------------------------------------------------------------------------------------------------------------------------------------
Net Type    Target    Count    Average    Std. Dev.    Min      Max      Distribution                                                                Over Target
----------------------------------------------------------------------------------------------------------------------------------------------------------------
Trunk       0.500       13      0.319       0.109      0.095    0.478    {4 <= 0.300ns, 7 <= 0.400ns, 0 <= 0.450ns, 0 <= 0.475ns, 2 <= 0.500ns}           -
Leaf        0.500      169      0.159       0.076      0.057    0.478    {158 <= 0.300ns, 1 <= 0.400ns, 8 <= 0.450ns, 1 <= 0.475ns, 1 <= 0.500ns}         -
----------------------------------------------------------------------------------------------------------------------------------------------------------------

Count of violations across all clock trees:
===========================================

---------------------------------------------------------------------------------------
Clock Tree  # Max capacitance  # Max resistance  # Max length  # Max fanout  # Slew
Name        violations         violations        violations    violations    violations
---------------------------------------------------------------------------------------
clk_jtg             0                 0               0             0            0
clk_rtc             0                 0               0             0            0
clk_sys             0                 0               0             0            0
---------------------------------------------------------------------------------------
Total               0                 0               0             0            0
---------------------------------------------------------------------------------------

Note the above table per clock tree is based on CCOpt clock tree view. The violations are counted across half corners.

Found a total of 0 clock tree pins with max capacitance violations.
Found a total of 0 clock tree nets with max resistance violations.
Found a total of 0 clock tree nets with max length violations.
Found a total of 0 clock tree nets with max fanout violations.
Found a total of 0 clock tree pins with a slew violation.

Report for clock tree: clk_jtg:
===============================

Clock Tree Gating Structure (Logical):

# Full cycle clock gates   : 0
Minimum clock gating depth : 0
Maximum clock gating depth : 0
Clock gate area (um^2)     : 0.000

Clock Tree Buffering Structure (Logical):

# Buffers             :  11
# Inverters           :   1
  Total               :  12
Minimum depth         :   2
Maximum depth         :   4
Buffering area (um^2) : 117.936

Clock Tree Level Structure (Logical):

-----------------------------------------------------------------
Level  Full   Posedge  Negedge  Memory  Enable  Non enable  Other
       Cycle  Flops    Flops    Clock   Latch   Latch       Sinks
                                Pins    Sinks   Sinks       
-----------------------------------------------------------------
root     0      289       0       0       0         0         1
-----------------------------------------------------------------
Total    0      289       0       0       0         0         1
-----------------------------------------------------------------

Target and measured clock slews (in ns):

-------------------------------------------------------------------------------------------------------------------------------
Timing Corner         Worst Rising  Worst Falling  Worst Rising  Worst Falling  Leaf Slew    Leaf Slew  Trunk Slew   Trunk Slew
                      Leaf Slew     Leaf Slew      Trunk Slew    Trunk Slew     Target Type  Target     Target Type  Target
-------------------------------------------------------------------------------------------------------------------------------
delay_bc:hold.early      0.213          0.158         0.251          0.367      ignored          -      ignored          -
delay_bc:hold.late       0.213          0.158         0.258          0.370      ignored          -      ignored          -
delay_wc:setup.early     0.450          0.333         0.340          0.472      ignored          -      ignored          -
delay_wc:setup.late      0.450          0.333         0.350          0.478      explicit      0.800     explicit      0.800
-------------------------------------------------------------------------------------------------------------------------------

Report for clock tree: clk_rtc:
===============================

Clock Tree Gating Structure (Logical):

# Full cycle clock gates   : 0
Minimum clock gating depth : 0
Maximum clock gating depth : 0
Clock gate area (um^2)     : 0.000

Clock Tree Buffering Structure (Logical):

# Buffers             : 0
# Inverters           : 0
  Total               : 0
Minimum depth         : 0
Maximum depth         : 0
Buffering area (um^2) : 0.000

Clock Tree Level Structure (Logical):

-----------------------------------------------------------------
Level  Full   Posedge  Negedge  Memory  Enable  Non enable  Other
       Cycle  Flops    Flops    Clock   Latch   Latch       Sinks
                                Pins    Sinks   Sinks       
-----------------------------------------------------------------
root     0       0        0       0       0         0         1
-----------------------------------------------------------------
Total    0       0        0       0       0         0         1
-----------------------------------------------------------------

Target and measured clock slews (in ns):

-------------------------------------------------------------------------------------------------------------------------------
Timing Corner         Worst Rising  Worst Falling  Worst Rising  Worst Falling  Leaf Slew    Leaf Slew  Trunk Slew   Trunk Slew
                      Leaf Slew     Leaf Slew      Trunk Slew    Trunk Slew     Target Type  Target     Target Type  Target
-------------------------------------------------------------------------------------------------------------------------------
delay_bc:hold.early      0.251          0.367           -              -        ignored          -      ignored          -
delay_bc:hold.late       0.258          0.370           -              -        ignored          -      ignored          -
delay_wc:setup.early     0.340          0.472           -              -        ignored          -      ignored          -
delay_wc:setup.late      0.350          0.478           -              -        explicit      0.800     explicit      0.800
-------------------------------------------------------------------------------------------------------------------------------

Report for clock tree: clk_sys:
===============================

Clock Tree Gating Structure (Logical):

# Full cycle clock gates   : 0
Minimum clock gating depth : 0
Maximum clock gating depth : 0
Clock gate area (um^2)     : 0.000

Clock Tree Buffering Structure (Logical):

# Buffers             :  164
# Inverters           :    0
  Total               :  164
Minimum depth         :    4
Maximum depth         :    4
Buffering area (um^2) : 3806.611

Clock Tree Level Structure (Logical):

-----------------------------------------------------------------
Level  Full   Posedge  Negedge  Memory  Enable  Non enable  Other
       Cycle  Flops    Flops    Clock   Latch   Latch       Sinks
                                Pins    Sinks   Sinks       
-----------------------------------------------------------------
root     0     4981       0       2       0         0         0
-----------------------------------------------------------------
Total    0     4981       0       2       0         0         0
-----------------------------------------------------------------

Target and measured clock slews (in ns):

-------------------------------------------------------------------------------------------------------------------------------
Timing Corner         Worst Rising  Worst Falling  Worst Rising  Worst Falling  Leaf Slew    Leaf Slew  Trunk Slew   Trunk Slew
                      Leaf Slew     Leaf Slew      Trunk Slew    Trunk Slew     Target Type  Target     Target Type  Target
-------------------------------------------------------------------------------------------------------------------------------
delay_bc:hold.early      0.136          0.110         0.251          0.367      ignored          -      ignored          -
delay_bc:hold.late       0.136          0.110         0.258          0.370      ignored          -      ignored          -
delay_wc:setup.early     0.320          0.259         0.370          0.472      ignored          -      ignored          -
delay_wc:setup.late      0.320          0.259         0.370          0.478      explicit      0.800     explicit      0.800
-------------------------------------------------------------------------------------------------------------------------------

* - indicates that target was not met.

auto extracted - target was extracted from SDC.
auto computed - target was computed when balancing trees.

