###############################################################
#  Generated by:      Cadence Innovus 20.10-p004_1
#  OS:                Linux x86_64(Host ID ictc-eda-be-9-ldap-1)
#  Generated on:      Tue Jun 16 12:10:29 2026
#  Design:            croc_chip
#  Command:           report_ccopt_skew_groups -file ../rpt/03_CTS/ccopt_skew_groups.rpt
###############################################################

Skew Group Structure:
=====================

---------------------------------------------------------------------------------
Skew Group                    Sources    Constrained Sinks    Unconstrained Sinks
---------------------------------------------------------------------------------
clk_jtg/func_mode_ideal_bc       1              289                    1
clk_jtg/func_mode_ideal_wc       1              289                    1
clk_rtc/func_mode_ideal_bc       1                0                    1
clk_rtc/func_mode_ideal_wc       1                0                    1
clk_sys/func_mode_ideal_bc       1             4983                    0
clk_sys/func_mode_ideal_wc       1             4983                    0
---------------------------------------------------------------------------------

Skew Group Summary:
===================

-------------------------------------------------------------------------------------------------------------------------------------------------------------------------------------
Timing Corner           Skew Group                    ID Target    Min ID      Max ID      Avg ID    Std.Dev. ID    Skew Target Type    Skew Target    Skew     Skew window occupancy
-------------------------------------------------------------------------------------------------------------------------------------------------------------------------------------
delay_wc:setup.early    clk_jtg/func_mode_ideal_bc        -         0.808       0.837      0.827        0.006       ignored                  -         0.029              -
                        clk_jtg/func_mode_ideal_wc        -         0.808       0.837      0.827        0.006       ignored                  -         0.029              -
                        clk_rtc/func_mode_ideal_bc        -        No paths    No paths    inf       inf            ignored                  -           -                -
                        clk_rtc/func_mode_ideal_wc        -        No paths    No paths    inf       inf            ignored                  -           -                -
                        clk_sys/func_mode_ideal_bc        -         1.213       1.354      1.265        0.027       ignored                  -         0.141              -
                        clk_sys/func_mode_ideal_wc        -         1.213       1.354      1.265        0.027       ignored                  -         0.141              -
delay_wc:setup.late     clk_jtg/func_mode_ideal_bc    none          0.810       0.838      0.828        0.006       explicit             0.150         0.029    100% {0.810, 0.838}
                        clk_jtg/func_mode_ideal_wc    none          0.810       0.838      0.828        0.006       explicit             0.150         0.029    100% {0.810, 0.838}
                        clk_rtc/func_mode_ideal_bc    none         No paths    No paths    inf       inf            explicit             0.150           -                -
                        clk_rtc/func_mode_ideal_wc    none         No paths    No paths    inf       inf            explicit             0.150           -                -
                        clk_sys/func_mode_ideal_bc    none          1.214       1.355      1.266        0.027       explicit             0.150         0.141    100% {1.214, 1.355}
                        clk_sys/func_mode_ideal_wc    none          1.214       1.355      1.266        0.027       explicit             0.150         0.141    100% {1.214, 1.355}
delay_bc:hold.early     clk_jtg/func_mode_ideal_bc        -         0.339       0.371      0.363        0.005       ignored                  -         0.031              -
                        clk_jtg/func_mode_ideal_wc        -         0.339       0.371      0.363        0.005       ignored                  -         0.031              -
                        clk_rtc/func_mode_ideal_bc        -        No paths    No paths    inf       inf            ignored                  -           -                -
                        clk_rtc/func_mode_ideal_wc        -        No paths    No paths    inf       inf            ignored                  -           -                -
                        clk_sys/func_mode_ideal_bc        -         0.537       0.655      0.591        0.027       ignored                  -         0.119              -
                        clk_sys/func_mode_ideal_wc        -         0.537       0.655      0.591        0.027       ignored                  -         0.119              -
delay_bc:hold.late      clk_jtg/func_mode_ideal_bc        -         0.340       0.372      0.364        0.005       ignored                  -         0.031              -
                        clk_jtg/func_mode_ideal_wc        -         0.340       0.372      0.364        0.005       ignored                  -         0.031              -
                        clk_rtc/func_mode_ideal_bc        -        No paths    No paths    inf       inf            ignored                  -           -                -
                        clk_rtc/func_mode_ideal_wc        -        No paths    No paths    inf       inf            ignored                  -           -                -
                        clk_sys/func_mode_ideal_bc        -         0.537       0.656      0.592        0.027       ignored                  -         0.119              -
                        clk_sys/func_mode_ideal_wc        -         0.537       0.656      0.592        0.027       ignored                  -         0.119              -
-------------------------------------------------------------------------------------------------------------------------------------------------------------------------------------

* - indicates that target was not met.

Skew Group Min/Max path pins:
=============================

--------------------------------------------------------------------------------------------------------------------------------
Timing Corner           Skew Group                    Min ID    PathID    Max ID    PathID
--------------------------------------------------------------------------------------------------------------------------------
delay_wc:setup.early    clk_jtg/func_mode_ideal_bc    0.808        1      0.837        2
-    min i_croc_soc/i_croc/i_dmi_jtag/i_dmi_cdc_i_cdc_req/i_cdc_reset_ctrlr/i_cdc_reset_ctrlr_half_a/receiver_phase_q_0__reg/CLK
-    max i_croc_soc/i_croc/i_dmi_jtag/dmi_37__reg/CLK
                        clk_jtg/func_mode_ideal_wc    0.808        9      0.837       10
-    min i_croc_soc/i_croc/i_dmi_jtag/i_dmi_cdc_i_cdc_req/i_cdc_reset_ctrlr/i_cdc_reset_ctrlr_half_a/receiver_phase_q_0__reg/CLK
-    max i_croc_soc/i_croc/i_dmi_jtag/dmi_37__reg/CLK
                        clk_sys/func_mode_ideal_bc    1.213       33      1.354       34
-    min i_croc_soc/i_croc/i_dm_top_i_dm_top/i_dm_csrs_progbuf_o_48__reg/CLK
-    max i_croc_soc/i_croc/i_dm_top_i_dm_top/i_dm_csrs_progbuf_o_238__reg/CLK
                        clk_sys/func_mode_ideal_wc    1.213       41      1.354       42
-    min i_croc_soc/i_croc/i_dm_top_i_dm_top/i_dm_csrs_progbuf_o_48__reg/CLK
-    max i_croc_soc/i_croc/i_dm_top_i_dm_top/i_dm_csrs_progbuf_o_238__reg/CLK
delay_wc:setup.late     clk_jtg/func_mode_ideal_bc    0.810        3      0.838        4
-    min i_croc_soc/i_croc/i_dmi_jtag/i_dmi_cdc_i_cdc_req/i_cdc_reset_ctrlr/i_cdc_reset_ctrlr_half_a/receiver_phase_q_0__reg/CLK
-    max i_croc_soc/i_croc/i_dmi_jtag/dmi_37__reg/CLK
                        clk_jtg/func_mode_ideal_wc    0.810       11      0.838       12
-    min i_croc_soc/i_croc/i_dmi_jtag/i_dmi_cdc_i_cdc_req/i_cdc_reset_ctrlr/i_cdc_reset_ctrlr_half_a/receiver_phase_q_0__reg/CLK
-    max i_croc_soc/i_croc/i_dmi_jtag/dmi_37__reg/CLK
                        clk_sys/func_mode_ideal_bc    1.214       35      1.355       36
-    min i_croc_soc/i_croc/i_dm_top_i_dm_top/i_dm_csrs_progbuf_o_48__reg/CLK
-    max i_croc_soc/i_croc/i_dm_top_i_dm_top/i_dm_csrs_progbuf_o_238__reg/CLK
                        clk_sys/func_mode_ideal_wc    1.214       43      1.355       44
-    min i_croc_soc/i_croc/i_dm_top_i_dm_top/i_dm_csrs_progbuf_o_48__reg/CLK
-    max i_croc_soc/i_croc/i_dm_top_i_dm_top/i_dm_csrs_progbuf_o_238__reg/CLK
delay_bc:hold.early     clk_jtg/func_mode_ideal_bc    0.339        5      0.371        6
-    min i_croc_soc/i_croc/i_dmi_jtag/td_o_reg/CLK
-    max i_croc_soc/i_croc/i_dmi_jtag/dmi_37__reg/CLK
                        clk_jtg/func_mode_ideal_wc    0.339       13      0.371       14
-    min i_croc_soc/i_croc/i_dmi_jtag/td_o_reg/CLK
-    max i_croc_soc/i_croc/i_dmi_jtag/dmi_37__reg/CLK
                        clk_sys/func_mode_ideal_bc    0.537       37      0.655       38
-    min i_croc_soc/i_croc/i_dm_top_i_dm_top/i_dm_csrs_progbuf_o_48__reg/CLK
-    max i_croc_soc/i_croc/i_core_wrap/i_ibex_register_file_i/rf_reg_840__reg/CLK
                        clk_sys/func_mode_ideal_wc    0.537       45      0.655       46
-    min i_croc_soc/i_croc/i_dm_top_i_dm_top/i_dm_csrs_progbuf_o_48__reg/CLK
-    max i_croc_soc/i_croc/i_core_wrap/i_ibex_register_file_i/rf_reg_840__reg/CLK
delay_bc:hold.late      clk_jtg/func_mode_ideal_bc    0.340        7      0.372        8
-    min i_croc_soc/i_croc/i_dmi_jtag/td_o_reg/CLK
-    max i_croc_soc/i_croc/i_dmi_jtag/dmi_37__reg/CLK
                        clk_jtg/func_mode_ideal_wc    0.340       15      0.372       16
-    min i_croc_soc/i_croc/i_dmi_jtag/td_o_reg/CLK
-    max i_croc_soc/i_croc/i_dmi_jtag/dmi_37__reg/CLK
                        clk_sys/func_mode_ideal_bc    0.537       39      0.656       40
-    min i_croc_soc/i_croc/i_dm_top_i_dm_top/i_dm_csrs_progbuf_o_48__reg/CLK
-    max i_croc_soc/i_croc/i_core_wrap/i_ibex_register_file_i/rf_reg_840__reg/CLK
                        clk_sys/func_mode_ideal_wc    0.537       47      0.656       48
-    min i_croc_soc/i_croc/i_dm_top_i_dm_top/i_dm_csrs_progbuf_o_48__reg/CLK
-    max i_croc_soc/i_croc/i_core_wrap/i_ibex_register_file_i/rf_reg_840__reg/CLK
--------------------------------------------------------------------------------------------------------------------------------

Timing for timing corner delay_wc:setup.early, min clock_path:
==============================================================

PathID    : 1
Path type : skew group clk_jtg/func_mode_ideal_bc (path 1 of 1)
Start     : jtag_tck_i
End       : i_croc_soc/i_croc/i_dmi_jtag/i_dmi_cdc_i_cdc_req/i_cdc_reset_ctrlr/i_cdc_reset_ctrlr_half_a/receiver_phase_q_0__reg/CLK
Delay     : 0.808

-----------------------------------------------------------------------------------------------------------------------
Name  Lib cell        Event  Incr   Arrival  Slew   Cap    Location           Distance  Fanout  Status
                             (ns)   (ns)     (ns)   (pF)                      (um)              
-- Clockpath trace ----------------------------------------------------------------------------------------------------
jtag_tck_i
-     -               rise   -       0.000   0.340  0.245  (406.710,1.500)    -            1    
pad_jtag_tck_i/pad
-     sg13g2_IOPadIn  rise   0.001   0.001   0.340  -      (406.710,1.500)      0.000   -       
pad_jtag_tck_i/p2c
-     sg13g2_IOPadIn  rise   0.178   0.179   0.205  0.068  (406.685,179.855)  178.380      2    
i_croc_soc/i_croc/i_dmi_jtag/CTS_ccl_a_buf_00523/A
-     sg13g2_buf_8    rise   0.012   0.190   0.134  -      (412.320,561.780)  387.560   -       
i_croc_soc/i_croc/i_dmi_jtag/CTS_ccl_a_buf_00523/X
-     sg13g2_buf_8    rise   0.191   0.381   0.092  0.084  (410.400,562.620)    2.760     10    
i_croc_soc/i_croc/i_dmi_jtag/CTS_ccl_a_buf_00504/A
-     sg13g2_buf_2    rise   0.013   0.394   0.095  -      (432.000,686.100)  145.080   -       
i_croc_soc/i_croc/i_dmi_jtag/CTS_ccl_a_buf_00504/X
-     sg13g2_buf_2    rise   0.408   0.802   0.419  0.128  (431.040,685.260)    1.800     32    
i_croc_soc/i_croc/i_dmi_jtag/i_dmi_cdc_i_cdc_req/i_cdc_reset_ctrlr/i_cdc_reset_ctrlr_half_a/receiver_phase_q_0__reg/CLK
-     sg13g2_dfrbp_1  rise   0.006   0.808   0.419  -      (428.640,690.300)    7.440   -       
-----------------------------------------------------------------------------------------------------------------------

Timing for timing corner delay_wc:setup.early, max clock_path:
==============================================================

PathID    : 2
Path type : skew group clk_jtg/func_mode_ideal_bc (path 1 of 1)
Start     : jtag_tck_i
End       : i_croc_soc/i_croc/i_dmi_jtag/dmi_37__reg/CLK
Delay     : 0.837

------------------------------------------------------------------------------------------------------
Name  Lib cell        Event  Incr   Arrival  Slew   Cap    Location           Distance  Fanout  Status
                             (ns)   (ns)     (ns)   (pF)                      (um)              
-- Clockpath trace -----------------------------------------------------------------------------------
jtag_tck_i
-     -               rise   -       0.000   0.340  0.245  (406.710,1.500)    -            1    
pad_jtag_tck_i/pad
-     sg13g2_IOPadIn  rise   0.001   0.001   0.340  -      (406.710,1.500)      0.000   -       
pad_jtag_tck_i/p2c
-     sg13g2_IOPadIn  rise   0.178   0.179   0.205  0.068  (406.685,179.855)  178.380      2    
i_croc_soc/i_croc/i_dmi_jtag/CTS_ccl_a_buf_00523/A
-     sg13g2_buf_8    rise   0.012   0.190   0.134  -      (412.320,561.780)  387.560   -       
i_croc_soc/i_croc/i_dmi_jtag/CTS_ccl_a_buf_00523/X
-     sg13g2_buf_8    rise   0.191   0.381   0.092  0.084  (410.400,562.620)    2.760     10    
i_croc_soc/i_croc/i_dmi_jtag/CTS_ccl_a_buf_00514/A
-     sg13g2_buf_2    rise   0.014   0.395   0.095  -      (490.560,652.500)  170.040   -       
i_croc_soc/i_croc/i_dmi_jtag/CTS_ccl_a_buf_00514/X
-     sg13g2_buf_2    rise   0.421   0.816   0.449  0.136  (491.520,653.340)    1.800     32    
i_croc_soc/i_croc/i_dmi_jtag/dmi_37__reg/CLK
-     sg13g2_dfrbp_1  rise   0.021   0.837   0.450  -      (601.920,712.980)  170.040   -       
------------------------------------------------------------------------------------------------------

Timing for timing corner delay_wc:setup.late, min clock_path:
=============================================================

PathID    : 3
Path type : skew group clk_jtg/func_mode_ideal_bc (path 1 of 1)
Start     : jtag_tck_i
End       : i_croc_soc/i_croc/i_dmi_jtag/i_dmi_cdc_i_cdc_req/i_cdc_reset_ctrlr/i_cdc_reset_ctrlr_half_a/receiver_phase_q_0__reg/CLK
Delay     : 0.810

-----------------------------------------------------------------------------------------------------------------------
Name  Lib cell        Event  Incr   Arrival  Slew   Cap    Location           Distance  Fanout  Status
                             (ns)   (ns)     (ns)   (pF)                      (um)              
-- Clockpath trace ----------------------------------------------------------------------------------------------------
jtag_tck_i
-     -               rise   -       0.000   0.350  0.245  (406.710,1.500)    -            1    
pad_jtag_tck_i/pad
-     sg13g2_IOPadIn  rise   0.002   0.002   0.350  -      (406.710,1.500)      0.000   -       
pad_jtag_tck_i/p2c
-     sg13g2_IOPadIn  rise   0.178   0.180   0.205  0.068  (406.685,179.855)  178.380      2    
i_croc_soc/i_croc/i_dmi_jtag/CTS_ccl_a_buf_00523/A
-     sg13g2_buf_8    rise   0.011   0.191   0.135  -      (412.320,561.780)  387.560   -       
i_croc_soc/i_croc/i_dmi_jtag/CTS_ccl_a_buf_00523/X
-     sg13g2_buf_8    rise   0.191   0.382   0.092  0.084  (410.400,562.620)    2.760     10    
i_croc_soc/i_croc/i_dmi_jtag/CTS_ccl_a_buf_00504/A
-     sg13g2_buf_2    rise   0.013   0.396   0.095  -      (432.000,686.100)  145.080   -       
i_croc_soc/i_croc/i_dmi_jtag/CTS_ccl_a_buf_00504/X
-     sg13g2_buf_2    rise   0.408   0.803   0.419  0.128  (431.040,685.260)    1.800     32    
i_croc_soc/i_croc/i_dmi_jtag/i_dmi_cdc_i_cdc_req/i_cdc_reset_ctrlr/i_cdc_reset_ctrlr_half_a/receiver_phase_q_0__reg/CLK
-     sg13g2_dfrbp_1  rise   0.006   0.810   0.419  -      (428.640,690.300)    7.440   -       
-----------------------------------------------------------------------------------------------------------------------

Timing for timing corner delay_wc:setup.late, max clock_path:
=============================================================

PathID    : 4
Path type : skew group clk_jtg/func_mode_ideal_bc (path 1 of 1)
Start     : jtag_tck_i
End       : i_croc_soc/i_croc/i_dmi_jtag/dmi_37__reg/CLK
Delay     : 0.838

------------------------------------------------------------------------------------------------------
Name  Lib cell        Event  Incr   Arrival  Slew   Cap    Location           Distance  Fanout  Status
                             (ns)   (ns)     (ns)   (pF)                      (um)              
-- Clockpath trace -----------------------------------------------------------------------------------
jtag_tck_i
-     -               rise   -       0.000   0.350  0.245  (406.710,1.500)    -            1    
pad_jtag_tck_i/pad
-     sg13g2_IOPadIn  rise   0.002   0.002   0.350  -      (406.710,1.500)      0.000   -       
pad_jtag_tck_i/p2c
-     sg13g2_IOPadIn  rise   0.178   0.180   0.205  0.068  (406.685,179.855)  178.380      2    
i_croc_soc/i_croc/i_dmi_jtag/CTS_ccl_a_buf_00523/A
-     sg13g2_buf_8    rise   0.011   0.191   0.135  -      (412.320,561.780)  387.560   -       
i_croc_soc/i_croc/i_dmi_jtag/CTS_ccl_a_buf_00523/X
-     sg13g2_buf_8    rise   0.191   0.382   0.092  0.084  (410.400,562.620)    2.760     10    
i_croc_soc/i_croc/i_dmi_jtag/CTS_ccl_a_buf_00514/A
-     sg13g2_buf_2    rise   0.014   0.396   0.095  -      (490.560,652.500)  170.040   -       
i_croc_soc/i_croc/i_dmi_jtag/CTS_ccl_a_buf_00514/X
-     sg13g2_buf_2    rise   0.421   0.817   0.449  0.136  (491.520,653.340)    1.800     32    
i_croc_soc/i_croc/i_dmi_jtag/dmi_37__reg/CLK
-     sg13g2_dfrbp_1  rise   0.021   0.838   0.450  -      (601.920,712.980)  170.040   -       
------------------------------------------------------------------------------------------------------

Timing for timing corner delay_bc:hold.early, min clock_path:
=============================================================

PathID    : 5
Path type : skew group clk_jtg/func_mode_ideal_bc (path 1 of 1)
Start     : jtag_tck_i
End       : i_croc_soc/i_croc/i_dmi_jtag/td_o_reg/CLK
Delay     : 0.339

------------------------------------------------------------------------------------------------------
Name  Lib cell        Event  Incr   Arrival  Slew   Cap    Location           Distance  Fanout  Status
                             (ns)   (ns)     (ns)   (pF)                      (um)              
-- Clockpath trace -----------------------------------------------------------------------------------
jtag_tck_i
-     -               rise   -       0.000   0.251  0.240  (406.710,1.500)    -            1    
pad_jtag_tck_i/pad
-     sg13g2_IOPadIn  rise   0.001   0.001   0.251  -      (406.710,1.500)      0.000   -       
pad_jtag_tck_i/p2c
-     sg13g2_IOPadIn  rise   0.068   0.069   0.091  0.069  (406.685,179.855)  178.380      2    
i_croc_soc/i_croc/i_dmi_jtag/CTS_ccl_a_buf_00523/A
-     sg13g2_buf_8    rise   0.012   0.081   0.062  -      (412.320,561.780)  387.560   -       
i_croc_soc/i_croc/i_dmi_jtag/CTS_ccl_a_buf_00523/X
-     sg13g2_buf_8    rise   0.074   0.155   0.043  0.087  (410.400,562.620)    2.760     10    
i_croc_soc/i_croc/i_dmi_jtag/i_dmi_jtag_tap_i_tck_inv/i_inv/A
-     sg13g2_inv_1    rise   0.008   0.163   0.048  -      (413.760,572.700)   13.440   -       
i_croc_soc/i_croc/i_dmi_jtag/i_dmi_jtag_tap_i_tck_inv/i_inv/Y
-     sg13g2_inv_1    rise   0.055   0.218   0.063  0.020  (414.440,572.905)    0.885      1    
i_croc_soc/i_croc/i_dmi_jtag/i_dmi_jtag_tap_i_dft_tck_mux/i_mux/A0
-     sg13g2_mux2_1   fall   0.002   0.219   0.046  -      (498.240,527.340)  129.365   -       
i_croc_soc/i_croc/i_dmi_jtag/i_dmi_jtag_tap_i_dft_tck_mux/i_mux/X
-     sg13g2_mux2_1   fall   0.117   0.337   0.063  0.022  (500.160,528.180)    2.760      1    
i_croc_soc/i_croc/i_dmi_jtag/td_o_reg/CLK
-     sg13g2_dfrbp_1  fall   0.003   0.339   0.063  -      (560.640,618.060)  150.360   -       
------------------------------------------------------------------------------------------------------

Timing for timing corner delay_bc:hold.early, max clock_path:
=============================================================

PathID    : 6
Path type : skew group clk_jtg/func_mode_ideal_bc (path 1 of 1)
Start     : jtag_tck_i
End       : i_croc_soc/i_croc/i_dmi_jtag/address_q_3__reg/CLK
Delay     : 0.371

------------------------------------------------------------------------------------------------------
Name  Lib cell        Event  Incr   Arrival  Slew   Cap    Location           Distance  Fanout  Status
                             (ns)   (ns)     (ns)   (pF)                      (um)              
-- Clockpath trace -----------------------------------------------------------------------------------
jtag_tck_i
-     -               rise   -       0.000   0.251  0.240  (406.710,1.500)    -            1    
pad_jtag_tck_i/pad
-     sg13g2_IOPadIn  rise   0.001   0.001   0.251  -      (406.710,1.500)      0.000   -       
pad_jtag_tck_i/p2c
-     sg13g2_IOPadIn  rise   0.068   0.069   0.091  0.069  (406.685,179.855)  178.380      2    
i_croc_soc/i_croc/i_dmi_jtag/CTS_ccl_a_buf_00523/A
-     sg13g2_buf_8    rise   0.012   0.081   0.062  -      (412.320,561.780)  387.560   -       
i_croc_soc/i_croc/i_dmi_jtag/CTS_ccl_a_buf_00523/X
-     sg13g2_buf_8    rise   0.074   0.155   0.043  0.087  (410.400,562.620)    2.760     10    
i_croc_soc/i_croc/i_dmi_jtag/CTS_ccl_a_buf_00514/A
-     sg13g2_buf_2    rise   0.014   0.170   0.049  -      (490.560,652.500)  170.040   -       
i_croc_soc/i_croc/i_dmi_jtag/CTS_ccl_a_buf_00514/X
-     sg13g2_buf_2    rise   0.178   0.348   0.211  0.148  (491.520,653.340)    1.800     32    
i_croc_soc/i_croc/i_dmi_jtag/address_q_3__reg/CLK
-     sg13g2_dfrbp_1  rise   0.023   0.371   0.213  -      (601.920,705.420)  162.480   -       
------------------------------------------------------------------------------------------------------

Timing for timing corner delay_bc:hold.late, min clock_path:
============================================================

PathID    : 7
Path type : skew group clk_jtg/func_mode_ideal_bc (path 1 of 1)
Start     : jtag_tck_i
End       : i_croc_soc/i_croc/i_dmi_jtag/td_o_reg/CLK
Delay     : 0.340

------------------------------------------------------------------------------------------------------
Name  Lib cell        Event  Incr   Arrival  Slew   Cap    Location           Distance  Fanout  Status
                             (ns)   (ns)     (ns)   (pF)                      (um)              
-- Clockpath trace -----------------------------------------------------------------------------------
jtag_tck_i
-     -               rise   -       0.000   0.258  0.240  (406.710,1.500)    -            1    
pad_jtag_tck_i/pad
-     sg13g2_IOPadIn  rise   0.002   0.002   0.258  -      (406.710,1.500)      0.000   -       
pad_jtag_tck_i/p2c
-     sg13g2_IOPadIn  rise   0.068   0.070   0.092  0.069  (406.685,179.855)  178.380      2    
i_croc_soc/i_croc/i_dmi_jtag/CTS_ccl_a_buf_00523/A
-     sg13g2_buf_8    rise   0.012   0.082   0.062  -      (412.320,561.780)  387.560   -       
i_croc_soc/i_croc/i_dmi_jtag/CTS_ccl_a_buf_00523/X
-     sg13g2_buf_8    rise   0.074   0.156   0.043  0.087  (410.400,562.620)    2.760     10    
i_croc_soc/i_croc/i_dmi_jtag/i_dmi_jtag_tap_i_tck_inv/i_inv/A
-     sg13g2_inv_1    rise   0.008   0.164   0.048  -      (413.760,572.700)   13.440   -       
i_croc_soc/i_croc/i_dmi_jtag/i_dmi_jtag_tap_i_tck_inv/i_inv/Y
-     sg13g2_inv_1    rise   0.055   0.219   0.063  0.020  (414.440,572.905)    0.885      1    
i_croc_soc/i_croc/i_dmi_jtag/i_dmi_jtag_tap_i_dft_tck_mux/i_mux/A0
-     sg13g2_mux2_1   fall   0.002   0.220   0.046  -      (498.240,527.340)  129.365   -       
i_croc_soc/i_croc/i_dmi_jtag/i_dmi_jtag_tap_i_dft_tck_mux/i_mux/X
-     sg13g2_mux2_1   fall   0.117   0.338   0.063  0.022  (500.160,528.180)    2.760      1    
i_croc_soc/i_croc/i_dmi_jtag/td_o_reg/CLK
-     sg13g2_dfrbp_1  fall   0.003   0.340   0.063  -      (560.640,618.060)  150.360   -       
------------------------------------------------------------------------------------------------------

Timing for timing corner delay_bc:hold.late, max clock_path:
============================================================

PathID    : 8
Path type : skew group clk_jtg/func_mode_ideal_bc (path 1 of 1)
Start     : jtag_tck_i
End       : i_croc_soc/i_croc/i_dmi_jtag/address_q_3__reg/CLK
Delay     : 0.372

------------------------------------------------------------------------------------------------------
Name  Lib cell        Event  Incr   Arrival  Slew   Cap    Location           Distance  Fanout  Status
                             (ns)   (ns)     (ns)   (pF)                      (um)              
-- Clockpath trace -----------------------------------------------------------------------------------
jtag_tck_i
-     -               rise   -       0.000   0.258  0.240  (406.710,1.500)    -            1    
pad_jtag_tck_i/pad
-     sg13g2_IOPadIn  rise   0.002   0.002   0.258  -      (406.710,1.500)      0.000   -       
pad_jtag_tck_i/p2c
-     sg13g2_IOPadIn  rise   0.068   0.070   0.092  0.069  (406.685,179.855)  178.380      2    
i_croc_soc/i_croc/i_dmi_jtag/CTS_ccl_a_buf_00523/A
-     sg13g2_buf_8    rise   0.012   0.082   0.062  -      (412.320,561.780)  387.560   -       
i_croc_soc/i_croc/i_dmi_jtag/CTS_ccl_a_buf_00523/X
-     sg13g2_buf_8    rise   0.074   0.156   0.043  0.087  (410.400,562.620)    2.760     10    
i_croc_soc/i_croc/i_dmi_jtag/CTS_ccl_a_buf_00514/A
-     sg13g2_buf_2    rise   0.014   0.171   0.049  -      (490.560,652.500)  170.040   -       
i_croc_soc/i_croc/i_dmi_jtag/CTS_ccl_a_buf_00514/X
-     sg13g2_buf_2    rise   0.178   0.349   0.211  0.148  (491.520,653.340)    1.800     32    
i_croc_soc/i_croc/i_dmi_jtag/address_q_3__reg/CLK
-     sg13g2_dfrbp_1  rise   0.023   0.372   0.213  -      (601.920,705.420)  162.480   -       
------------------------------------------------------------------------------------------------------

Timing for timing corner delay_wc:setup.early, min clock_path:
==============================================================

PathID    : 9
Path type : skew group clk_jtg/func_mode_ideal_wc (path 1 of 1)
Start     : jtag_tck_i
End       : i_croc_soc/i_croc/i_dmi_jtag/i_dmi_cdc_i_cdc_req/i_cdc_reset_ctrlr/i_cdc_reset_ctrlr_half_a/receiver_phase_q_0__reg/CLK
Delay     : 0.808

-----------------------------------------------------------------------------------------------------------------------
Name  Lib cell        Event  Incr   Arrival  Slew   Cap    Location           Distance  Fanout  Status
                             (ns)   (ns)     (ns)   (pF)                      (um)              
-- Clockpath trace ----------------------------------------------------------------------------------------------------
jtag_tck_i
-     -               rise   -       0.000   0.340  0.245  (406.710,1.500)    -            1    
pad_jtag_tck_i/pad
-     sg13g2_IOPadIn  rise   0.001   0.001   0.340  -      (406.710,1.500)      0.000   -       
pad_jtag_tck_i/p2c
-     sg13g2_IOPadIn  rise   0.178   0.179   0.205  0.068  (406.685,179.855)  178.380      2    
i_croc_soc/i_croc/i_dmi_jtag/CTS_ccl_a_buf_00523/A
-     sg13g2_buf_8    rise   0.012   0.190   0.134  -      (412.320,561.780)  387.560   -       
i_croc_soc/i_croc/i_dmi_jtag/CTS_ccl_a_buf_00523/X
-     sg13g2_buf_8    rise   0.191   0.381   0.092  0.084  (410.400,562.620)    2.760     10    
i_croc_soc/i_croc/i_dmi_jtag/CTS_ccl_a_buf_00504/A
-     sg13g2_buf_2    rise   0.013   0.394   0.095  -      (432.000,686.100)  145.080   -       
i_croc_soc/i_croc/i_dmi_jtag/CTS_ccl_a_buf_00504/X
-     sg13g2_buf_2    rise   0.408   0.802   0.419  0.128  (431.040,685.260)    1.800     32    
i_croc_soc/i_croc/i_dmi_jtag/i_dmi_cdc_i_cdc_req/i_cdc_reset_ctrlr/i_cdc_reset_ctrlr_half_a/receiver_phase_q_0__reg/CLK
-     sg13g2_dfrbp_1  rise   0.006   0.808   0.419  -      (428.640,690.300)    7.440   -       
-----------------------------------------------------------------------------------------------------------------------

Timing for timing corner delay_wc:setup.early, max clock_path:
==============================================================

PathID    : 10
Path type : skew group clk_jtg/func_mode_ideal_wc (path 1 of 1)
Start     : jtag_tck_i
End       : i_croc_soc/i_croc/i_dmi_jtag/dmi_37__reg/CLK
Delay     :  0.837

------------------------------------------------------------------------------------------------------
Name  Lib cell        Event  Incr   Arrival  Slew   Cap    Location           Distance  Fanout  Status
                             (ns)   (ns)     (ns)   (pF)                      (um)              
-- Clockpath trace -----------------------------------------------------------------------------------
jtag_tck_i
-     -               rise   -       0.000   0.340  0.245  (406.710,1.500)    -            1    
pad_jtag_tck_i/pad
-     sg13g2_IOPadIn  rise   0.001   0.001   0.340  -      (406.710,1.500)      0.000   -       
pad_jtag_tck_i/p2c
-     sg13g2_IOPadIn  rise   0.178   0.179   0.205  0.068  (406.685,179.855)  178.380      2    
i_croc_soc/i_croc/i_dmi_jtag/CTS_ccl_a_buf_00523/A
-     sg13g2_buf_8    rise   0.012   0.190   0.134  -      (412.320,561.780)  387.560   -       
i_croc_soc/i_croc/i_dmi_jtag/CTS_ccl_a_buf_00523/X
-     sg13g2_buf_8    rise   0.191   0.381   0.092  0.084  (410.400,562.620)    2.760     10    
i_croc_soc/i_croc/i_dmi_jtag/CTS_ccl_a_buf_00514/A
-     sg13g2_buf_2    rise   0.014   0.395   0.095  -      (490.560,652.500)  170.040   -       
i_croc_soc/i_croc/i_dmi_jtag/CTS_ccl_a_buf_00514/X
-     sg13g2_buf_2    rise   0.421   0.816   0.449  0.136  (491.520,653.340)    1.800     32    
i_croc_soc/i_croc/i_dmi_jtag/dmi_37__reg/CLK
-     sg13g2_dfrbp_1  rise   0.021   0.837   0.450  -      (601.920,712.980)  170.040   -       
------------------------------------------------------------------------------------------------------

Timing for timing corner delay_wc:setup.late, min clock_path:
=============================================================

PathID    : 11
Path type : skew group clk_jtg/func_mode_ideal_wc (path 1 of 1)
Start     : jtag_tck_i
End       : i_croc_soc/i_croc/i_dmi_jtag/i_dmi_cdc_i_cdc_req/i_cdc_reset_ctrlr/i_cdc_reset_ctrlr_half_a/receiver_phase_q_0__reg/CLK
Delay     :  0.810

-----------------------------------------------------------------------------------------------------------------------
Name  Lib cell        Event  Incr   Arrival  Slew   Cap    Location           Distance  Fanout  Status
                             (ns)   (ns)     (ns)   (pF)                      (um)              
-- Clockpath trace ----------------------------------------------------------------------------------------------------
jtag_tck_i
-     -               rise   -       0.000   0.350  0.245  (406.710,1.500)    -            1    
pad_jtag_tck_i/pad
-     sg13g2_IOPadIn  rise   0.002   0.002   0.350  -      (406.710,1.500)      0.000   -       
pad_jtag_tck_i/p2c
-     sg13g2_IOPadIn  rise   0.178   0.180   0.205  0.068  (406.685,179.855)  178.380      2    
i_croc_soc/i_croc/i_dmi_jtag/CTS_ccl_a_buf_00523/A
-     sg13g2_buf_8    rise   0.011   0.191   0.135  -      (412.320,561.780)  387.560   -       
i_croc_soc/i_croc/i_dmi_jtag/CTS_ccl_a_buf_00523/X
-     sg13g2_buf_8    rise   0.191   0.382   0.092  0.084  (410.400,562.620)    2.760     10    
i_croc_soc/i_croc/i_dmi_jtag/CTS_ccl_a_buf_00504/A
-     sg13g2_buf_2    rise   0.013   0.396   0.095  -      (432.000,686.100)  145.080   -       
i_croc_soc/i_croc/i_dmi_jtag/CTS_ccl_a_buf_00504/X
-     sg13g2_buf_2    rise   0.408   0.803   0.419  0.128  (431.040,685.260)    1.800     32    
i_croc_soc/i_croc/i_dmi_jtag/i_dmi_cdc_i_cdc_req/i_cdc_reset_ctrlr/i_cdc_reset_ctrlr_half_a/receiver_phase_q_0__reg/CLK
-     sg13g2_dfrbp_1  rise   0.006   0.810   0.419  -      (428.640,690.300)    7.440   -       
-----------------------------------------------------------------------------------------------------------------------

Timing for timing corner delay_wc:setup.late, max clock_path:
=============================================================

PathID    : 12
Path type : skew group clk_jtg/func_mode_ideal_wc (path 1 of 1)
Start     : jtag_tck_i
End       : i_croc_soc/i_croc/i_dmi_jtag/dmi_37__reg/CLK
Delay     :  0.838

------------------------------------------------------------------------------------------------------
Name  Lib cell        Event  Incr   Arrival  Slew   Cap    Location           Distance  Fanout  Status
                             (ns)   (ns)     (ns)   (pF)                      (um)              
-- Clockpath trace -----------------------------------------------------------------------------------
jtag_tck_i
-     -               rise   -       0.000   0.350  0.245  (406.710,1.500)    -            1    
pad_jtag_tck_i/pad
-     sg13g2_IOPadIn  rise   0.002   0.002   0.350  -      (406.710,1.500)      0.000   -       
pad_jtag_tck_i/p2c
-     sg13g2_IOPadIn  rise   0.178   0.180   0.205  0.068  (406.685,179.855)  178.380      2    
i_croc_soc/i_croc/i_dmi_jtag/CTS_ccl_a_buf_00523/A
-     sg13g2_buf_8    rise   0.011   0.191   0.135  -      (412.320,561.780)  387.560   -       
i_croc_soc/i_croc/i_dmi_jtag/CTS_ccl_a_buf_00523/X
-     sg13g2_buf_8    rise   0.191   0.382   0.092  0.084  (410.400,562.620)    2.760     10    
i_croc_soc/i_croc/i_dmi_jtag/CTS_ccl_a_buf_00514/A
-     sg13g2_buf_2    rise   0.014   0.396   0.095  -      (490.560,652.500)  170.040   -       
i_croc_soc/i_croc/i_dmi_jtag/CTS_ccl_a_buf_00514/X
-     sg13g2_buf_2    rise   0.421   0.817   0.449  0.136  (491.520,653.340)    1.800     32    
i_croc_soc/i_croc/i_dmi_jtag/dmi_37__reg/CLK
-     sg13g2_dfrbp_1  rise   0.021   0.838   0.450  -      (601.920,712.980)  170.040   -       
------------------------------------------------------------------------------------------------------

Timing for timing corner delay_bc:hold.early, min clock_path:
=============================================================

PathID    : 13
Path type : skew group clk_jtg/func_mode_ideal_wc (path 1 of 1)
Start     : jtag_tck_i
End       : i_croc_soc/i_croc/i_dmi_jtag/td_o_reg/CLK
Delay     :  0.339

------------------------------------------------------------------------------------------------------
Name  Lib cell        Event  Incr   Arrival  Slew   Cap    Location           Distance  Fanout  Status
                             (ns)   (ns)     (ns)   (pF)                      (um)              
-- Clockpath trace -----------------------------------------------------------------------------------
jtag_tck_i
-     -               rise   -       0.000   0.251  0.240  (406.710,1.500)    -            1    
pad_jtag_tck_i/pad
-     sg13g2_IOPadIn  rise   0.001   0.001   0.251  -      (406.710,1.500)      0.000   -       
pad_jtag_tck_i/p2c
-     sg13g2_IOPadIn  rise   0.068   0.069   0.091  0.069  (406.685,179.855)  178.380      2    
i_croc_soc/i_croc/i_dmi_jtag/CTS_ccl_a_buf_00523/A
-     sg13g2_buf_8    rise   0.012   0.081   0.062  -      (412.320,561.780)  387.560   -       
i_croc_soc/i_croc/i_dmi_jtag/CTS_ccl_a_buf_00523/X
-     sg13g2_buf_8    rise   0.074   0.155   0.043  0.087  (410.400,562.620)    2.760     10    
i_croc_soc/i_croc/i_dmi_jtag/i_dmi_jtag_tap_i_tck_inv/i_inv/A
-     sg13g2_inv_1    rise   0.008   0.163   0.048  -      (413.760,572.700)   13.440   -       
i_croc_soc/i_croc/i_dmi_jtag/i_dmi_jtag_tap_i_tck_inv/i_inv/Y
-     sg13g2_inv_1    rise   0.055   0.218   0.063  0.020  (414.440,572.905)    0.885      1    
i_croc_soc/i_croc/i_dmi_jtag/i_dmi_jtag_tap_i_dft_tck_mux/i_mux/A0
-     sg13g2_mux2_1   fall   0.002   0.219   0.046  -      (498.240,527.340)  129.365   -       
i_croc_soc/i_croc/i_dmi_jtag/i_dmi_jtag_tap_i_dft_tck_mux/i_mux/X
-     sg13g2_mux2_1   fall   0.117   0.337   0.063  0.022  (500.160,528.180)    2.760      1    
i_croc_soc/i_croc/i_dmi_jtag/td_o_reg/CLK
-     sg13g2_dfrbp_1  fall   0.003   0.339   0.063  -      (560.640,618.060)  150.360   -       
------------------------------------------------------------------------------------------------------

Timing for timing corner delay_bc:hold.early, max clock_path:
=============================================================

PathID    : 14
Path type : skew group clk_jtg/func_mode_ideal_wc (path 1 of 1)
Start     : jtag_tck_i
End       : i_croc_soc/i_croc/i_dmi_jtag/address_q_3__reg/CLK
Delay     :  0.371

------------------------------------------------------------------------------------------------------
Name  Lib cell        Event  Incr   Arrival  Slew   Cap    Location           Distance  Fanout  Status
                             (ns)   (ns)     (ns)   (pF)                      (um)              
-- Clockpath trace -----------------------------------------------------------------------------------
jtag_tck_i
-     -               rise   -       0.000   0.251  0.240  (406.710,1.500)    -            1    
pad_jtag_tck_i/pad
-     sg13g2_IOPadIn  rise   0.001   0.001   0.251  -      (406.710,1.500)      0.000   -       
pad_jtag_tck_i/p2c
-     sg13g2_IOPadIn  rise   0.068   0.069   0.091  0.069  (406.685,179.855)  178.380      2    
i_croc_soc/i_croc/i_dmi_jtag/CTS_ccl_a_buf_00523/A
-     sg13g2_buf_8    rise   0.012   0.081   0.062  -      (412.320,561.780)  387.560   -       
i_croc_soc/i_croc/i_dmi_jtag/CTS_ccl_a_buf_00523/X
-     sg13g2_buf_8    rise   0.074   0.155   0.043  0.087  (410.400,562.620)    2.760     10    
i_croc_soc/i_croc/i_dmi_jtag/CTS_ccl_a_buf_00514/A
-     sg13g2_buf_2    rise   0.014   0.170   0.049  -      (490.560,652.500)  170.040   -       
i_croc_soc/i_croc/i_dmi_jtag/CTS_ccl_a_buf_00514/X
-     sg13g2_buf_2    rise   0.178   0.348   0.211  0.148  (491.520,653.340)    1.800     32    
i_croc_soc/i_croc/i_dmi_jtag/address_q_3__reg/CLK
-     sg13g2_dfrbp_1  rise   0.023   0.371   0.213  -      (601.920,705.420)  162.480   -       
------------------------------------------------------------------------------------------------------

Timing for timing corner delay_bc:hold.late, min clock_path:
============================================================

PathID    : 15
Path type : skew group clk_jtg/func_mode_ideal_wc (path 1 of 1)
Start     : jtag_tck_i
End       : i_croc_soc/i_croc/i_dmi_jtag/td_o_reg/CLK
Delay     :  0.340

------------------------------------------------------------------------------------------------------
Name  Lib cell        Event  Incr   Arrival  Slew   Cap    Location           Distance  Fanout  Status
                             (ns)   (ns)     (ns)   (pF)                      (um)              
-- Clockpath trace -----------------------------------------------------------------------------------
jtag_tck_i
-     -               rise   -       0.000   0.258  0.240  (406.710,1.500)    -            1    
pad_jtag_tck_i/pad
-     sg13g2_IOPadIn  rise   0.002   0.002   0.258  -      (406.710,1.500)      0.000   -       
pad_jtag_tck_i/p2c
-     sg13g2_IOPadIn  rise   0.068   0.070   0.092  0.069  (406.685,179.855)  178.380      2    
i_croc_soc/i_croc/i_dmi_jtag/CTS_ccl_a_buf_00523/A
-     sg13g2_buf_8    rise   0.012   0.082   0.062  -      (412.320,561.780)  387.560   -       
i_croc_soc/i_croc/i_dmi_jtag/CTS_ccl_a_buf_00523/X
-     sg13g2_buf_8    rise   0.074   0.156   0.043  0.087  (410.400,562.620)    2.760     10    
i_croc_soc/i_croc/i_dmi_jtag/i_dmi_jtag_tap_i_tck_inv/i_inv/A
-     sg13g2_inv_1    rise   0.008   0.164   0.048  -      (413.760,572.700)   13.440   -       
i_croc_soc/i_croc/i_dmi_jtag/i_dmi_jtag_tap_i_tck_inv/i_inv/Y
-     sg13g2_inv_1    rise   0.055   0.219   0.063  0.020  (414.440,572.905)    0.885      1    
i_croc_soc/i_croc/i_dmi_jtag/i_dmi_jtag_tap_i_dft_tck_mux/i_mux/A0
-     sg13g2_mux2_1   fall   0.002   0.220   0.046  -      (498.240,527.340)  129.365   -       
i_croc_soc/i_croc/i_dmi_jtag/i_dmi_jtag_tap_i_dft_tck_mux/i_mux/X
-     sg13g2_mux2_1   fall   0.117   0.338   0.063  0.022  (500.160,528.180)    2.760      1    
i_croc_soc/i_croc/i_dmi_jtag/td_o_reg/CLK
-     sg13g2_dfrbp_1  fall   0.003   0.340   0.063  -      (560.640,618.060)  150.360   -       
------------------------------------------------------------------------------------------------------

Timing for timing corner delay_bc:hold.late, max clock_path:
============================================================

PathID    : 16
Path type : skew group clk_jtg/func_mode_ideal_wc (path 1 of 1)
Start     : jtag_tck_i
End       : i_croc_soc/i_croc/i_dmi_jtag/address_q_3__reg/CLK
Delay     :  0.372

------------------------------------------------------------------------------------------------------
Name  Lib cell        Event  Incr   Arrival  Slew   Cap    Location           Distance  Fanout  Status
                             (ns)   (ns)     (ns)   (pF)                      (um)              
-- Clockpath trace -----------------------------------------------------------------------------------
jtag_tck_i
-     -               rise   -       0.000   0.258  0.240  (406.710,1.500)    -            1    
pad_jtag_tck_i/pad
-     sg13g2_IOPadIn  rise   0.002   0.002   0.258  -      (406.710,1.500)      0.000   -       
pad_jtag_tck_i/p2c
-     sg13g2_IOPadIn  rise   0.068   0.070   0.092  0.069  (406.685,179.855)  178.380      2    
i_croc_soc/i_croc/i_dmi_jtag/CTS_ccl_a_buf_00523/A
-     sg13g2_buf_8    rise   0.012   0.082   0.062  -      (412.320,561.780)  387.560   -       
i_croc_soc/i_croc/i_dmi_jtag/CTS_ccl_a_buf_00523/X
-     sg13g2_buf_8    rise   0.074   0.156   0.043  0.087  (410.400,562.620)    2.760     10    
i_croc_soc/i_croc/i_dmi_jtag/CTS_ccl_a_buf_00514/A
-     sg13g2_buf_2    rise   0.014   0.171   0.049  -      (490.560,652.500)  170.040   -       
i_croc_soc/i_croc/i_dmi_jtag/CTS_ccl_a_buf_00514/X
-     sg13g2_buf_2    rise   0.178   0.349   0.211  0.148  (491.520,653.340)    1.800     32    
i_croc_soc/i_croc/i_dmi_jtag/address_q_3__reg/CLK
-     sg13g2_dfrbp_1  rise   0.023   0.372   0.213  -      (601.920,705.420)  162.480   -       
------------------------------------------------------------------------------------------------------

Timing for timing corner delay_wc:setup.early, min clock_path:
==============================================================

There are no paths in this timing group.

Timing for timing corner delay_wc:setup.early, max clock_path:
==============================================================

There are no paths in this timing group.

Timing for timing corner delay_wc:setup.late, min clock_path:
=============================================================

There are no paths in this timing group.

Timing for timing corner delay_wc:setup.late, max clock_path:
=============================================================

There are no paths in this timing group.

Timing for timing corner delay_bc:hold.early, min clock_path:
=============================================================

There are no paths in this timing group.

Timing for timing corner delay_bc:hold.early, max clock_path:
=============================================================

There are no paths in this timing group.

Timing for timing corner delay_bc:hold.late, min clock_path:
============================================================

There are no paths in this timing group.

Timing for timing corner delay_bc:hold.late, max clock_path:
============================================================

There are no paths in this timing group.

Timing for timing corner delay_wc:setup.early, min clock_path:
==============================================================

There are no paths in this timing group.

Timing for timing corner delay_wc:setup.early, max clock_path:
==============================================================

There are no paths in this timing group.

Timing for timing corner delay_wc:setup.late, min clock_path:
=============================================================

There are no paths in this timing group.

Timing for timing corner delay_wc:setup.late, max clock_path:
=============================================================

There are no paths in this timing group.

Timing for timing corner delay_bc:hold.early, min clock_path:
=============================================================

There are no paths in this timing group.

Timing for timing corner delay_bc:hold.early, max clock_path:
=============================================================

There are no paths in this timing group.

Timing for timing corner delay_bc:hold.late, min clock_path:
============================================================

There are no paths in this timing group.

Timing for timing corner delay_bc:hold.late, max clock_path:
============================================================

There are no paths in this timing group.

Timing for timing corner delay_wc:setup.early, min clock_path:
==============================================================

PathID    : 33
Path type : skew group clk_sys/func_mode_ideal_bc (path 1 of 1)
Start     : clk_i
End       : i_croc_soc/i_croc/i_dm_top_i_dm_top/i_dm_csrs_progbuf_o_48__reg/CLK
Delay     :  1.213

-------------------------------------------------------------------------------------------------------
Name  Lib cell        Event  Incr   Arrival  Slew   Cap    Location            Distance  Fanout  Status
                             (ns)   (ns)     (ns)   (pF)                       (um)              
-- Clockpath trace ------------------------------------------------------------------------------------
clk_i
-     -               rise   -       0.000   0.340  0.245  (220.000,1838.520)  -            1    
pad_clk_i/pad
-     sg13g2_IOPadIn  rise   0.001   0.001   0.340  -      (220.000,1838.520)    0.000   -       
pad_clk_i/p2c
-     sg13g2_IOPadIn  rise   0.166   0.167   0.182  0.058  (220.025,1660.165)  178.380      1    
i_croc_soc/CTS_ccl_buf_00493/A
-     sg13g2_buf_8    rise   0.011   0.178   0.119  -      (349.920,1381.620)  408.440   -       
i_croc_soc/CTS_ccl_buf_00493/X
-     sg13g2_buf_8    rise   0.229   0.407   0.257  0.285  (351.840,1380.780)    2.760      6    
i_croc_soc/i_croc/CTS_ccl_a_buf_00483/A
-     sg13g2_buf_8    rise   0.096   0.503   0.307  -      (516.480,965.820)   579.600   -       
i_croc_soc/i_croc/CTS_ccl_a_buf_00483/X
-     sg13g2_buf_8    rise   0.386   0.889   0.324  0.369  (518.400,964.980)     2.760     26    
i_croc_soc/i_croc/i_dm_top_i_dm_top/CTS_ccl_a_buf_00256/A
-     sg13g2_buf_8    rise   0.024   0.913   0.331  -      (526.560,965.820)     9.000   -       
i_croc_soc/i_croc/i_dm_top_i_dm_top/CTS_ccl_a_buf_00256/X
-     sg13g2_buf_8    rise   0.292   1.204   0.135  0.137  (528.480,964.980)     2.760     32    
i_croc_soc/i_croc/i_dm_top_i_dm_top/i_dm_csrs_progbuf_o_48__reg/CLK
-     sg13g2_dfrbp_1  rise   0.009   1.213   0.136  -      (522.240,970.020)    11.280   -       
-------------------------------------------------------------------------------------------------------

Timing for timing corner delay_wc:setup.early, max clock_path:
==============================================================

PathID    : 34
Path type : skew group clk_sys/func_mode_ideal_bc (path 1 of 1)
Start     : clk_i
End       : i_croc_soc/i_croc/i_dm_top_i_dm_top/i_dm_csrs_progbuf_o_238__reg/CLK
Delay     :  1.354

-------------------------------------------------------------------------------------------------------
Name  Lib cell        Event  Incr   Arrival  Slew   Cap    Location            Distance  Fanout  Status
                             (ns)   (ns)     (ns)   (pF)                       (um)              
-- Clockpath trace ------------------------------------------------------------------------------------
clk_i
-     -               rise   -       0.000   0.340  0.245  (220.000,1838.520)  -            1    
pad_clk_i/pad
-     sg13g2_IOPadIn  rise   0.001   0.001   0.340  -      (220.000,1838.520)    0.000   -       
pad_clk_i/p2c
-     sg13g2_IOPadIn  rise   0.166   0.167   0.182  0.058  (220.025,1660.165)  178.380      1    
i_croc_soc/CTS_ccl_buf_00493/A
-     sg13g2_buf_8    rise   0.011   0.178   0.119  -      (349.920,1381.620)  408.440   -       
i_croc_soc/CTS_ccl_buf_00493/X
-     sg13g2_buf_8    rise   0.229   0.407   0.257  0.285  (351.840,1380.780)    2.760      6    
i_croc_soc/i_croc/CTS_ccl_a_buf_00483/A
-     sg13g2_buf_8    rise   0.096   0.503   0.307  -      (516.480,965.820)   579.600   -       
i_croc_soc/i_croc/CTS_ccl_a_buf_00483/X
-     sg13g2_buf_8    rise   0.386   0.889   0.324  0.369  (518.400,964.980)     2.760     26    
i_croc_soc/i_croc/i_dm_top_i_dm_top/CTS_ccl_a_buf_00282/A
-     sg13g2_buf_4    rise   0.032   0.921   0.334  -      (466.560,958.260)    58.560   -       
i_croc_soc/i_croc/i_dm_top_i_dm_top/CTS_ccl_a_buf_00282/X
-     sg13g2_buf_4    rise   0.416   1.336   0.235  0.134  (464.640,957.420)     2.760     32    
i_croc_soc/i_croc/i_dm_top_i_dm_top/i_dm_csrs_progbuf_o_238__reg/CLK
-     sg13g2_dfrbp_1  rise   0.018   1.354   0.236  -      (415.680,1015.380)  106.920   -       
-------------------------------------------------------------------------------------------------------

Timing for timing corner delay_wc:setup.late, min clock_path:
=============================================================

PathID    : 35
Path type : skew group clk_sys/func_mode_ideal_bc (path 1 of 1)
Start     : clk_i
End       : i_croc_soc/i_croc/i_dm_top_i_dm_top/i_dm_csrs_progbuf_o_48__reg/CLK
Delay     :  1.214

-------------------------------------------------------------------------------------------------------
Name  Lib cell        Event  Incr   Arrival  Slew   Cap    Location            Distance  Fanout  Status
                             (ns)   (ns)     (ns)   (pF)                       (um)              
-- Clockpath trace ------------------------------------------------------------------------------------
clk_i
-     -               rise   -       0.000   0.350  0.245  (220.000,1838.520)  -            1    
pad_clk_i/pad
-     sg13g2_IOPadIn  rise   0.002   0.002   0.350  -      (220.000,1838.520)    0.000   -       
pad_clk_i/p2c
-     sg13g2_IOPadIn  rise   0.166   0.168   0.182  0.058  (220.025,1660.165)  178.380      1    
i_croc_soc/CTS_ccl_buf_00493/A
-     sg13g2_buf_8    rise   0.011   0.179   0.119  -      (349.920,1381.620)  408.440   -       
i_croc_soc/CTS_ccl_buf_00493/X
-     sg13g2_buf_8    rise   0.229   0.408   0.257  0.285  (351.840,1380.780)    2.760      6    
i_croc_soc/i_croc/CTS_ccl_a_buf_00483/A
-     sg13g2_buf_8    rise   0.096   0.504   0.307  -      (516.480,965.820)   579.600   -       
i_croc_soc/i_croc/CTS_ccl_a_buf_00483/X
-     sg13g2_buf_8    rise   0.386   0.890   0.324  0.369  (518.400,964.980)     2.760     26    
i_croc_soc/i_croc/i_dm_top_i_dm_top/CTS_ccl_a_buf_00256/A
-     sg13g2_buf_8    rise   0.024   0.914   0.331  -      (526.560,965.820)     9.000   -       
i_croc_soc/i_croc/i_dm_top_i_dm_top/CTS_ccl_a_buf_00256/X
-     sg13g2_buf_8    rise   0.292   1.205   0.135  0.137  (528.480,964.980)     2.760     32    
i_croc_soc/i_croc/i_dm_top_i_dm_top/i_dm_csrs_progbuf_o_48__reg/CLK
-     sg13g2_dfrbp_1  rise   0.009   1.214   0.136  -      (522.240,970.020)    11.280   -       
-------------------------------------------------------------------------------------------------------

Timing for timing corner delay_wc:setup.late, max clock_path:
=============================================================

PathID    : 36
Path type : skew group clk_sys/func_mode_ideal_bc (path 1 of 1)
Start     : clk_i
End       : i_croc_soc/i_croc/i_dm_top_i_dm_top/i_dm_csrs_progbuf_o_238__reg/CLK
Delay     :  1.355

-------------------------------------------------------------------------------------------------------
Name  Lib cell        Event  Incr   Arrival  Slew   Cap    Location            Distance  Fanout  Status
                             (ns)   (ns)     (ns)   (pF)                       (um)              
-- Clockpath trace ------------------------------------------------------------------------------------
clk_i
-     -               rise   -       0.000   0.350  0.245  (220.000,1838.520)  -            1    
pad_clk_i/pad
-     sg13g2_IOPadIn  rise   0.002   0.002   0.350  -      (220.000,1838.520)    0.000   -       
pad_clk_i/p2c
-     sg13g2_IOPadIn  rise   0.166   0.168   0.182  0.058  (220.025,1660.165)  178.380      1    
i_croc_soc/CTS_ccl_buf_00493/A
-     sg13g2_buf_8    rise   0.011   0.179   0.119  -      (349.920,1381.620)  408.440   -       
i_croc_soc/CTS_ccl_buf_00493/X
-     sg13g2_buf_8    rise   0.229   0.408   0.257  0.285  (351.840,1380.780)    2.760      6    
i_croc_soc/i_croc/CTS_ccl_a_buf_00483/A
-     sg13g2_buf_8    rise   0.096   0.504   0.307  -      (516.480,965.820)   579.600   -       
i_croc_soc/i_croc/CTS_ccl_a_buf_00483/X
-     sg13g2_buf_8    rise   0.386   0.890   0.324  0.369  (518.400,964.980)     2.760     26    
i_croc_soc/i_croc/i_dm_top_i_dm_top/CTS_ccl_a_buf_00282/A
-     sg13g2_buf_4    rise   0.032   0.922   0.334  -      (466.560,958.260)    58.560   -       
i_croc_soc/i_croc/i_dm_top_i_dm_top/CTS_ccl_a_buf_00282/X
-     sg13g2_buf_4    rise   0.416   1.337   0.235  0.134  (464.640,957.420)     2.760     32    
i_croc_soc/i_croc/i_dm_top_i_dm_top/i_dm_csrs_progbuf_o_238__reg/CLK
-     sg13g2_dfrbp_1  rise   0.018   1.355   0.236  -      (415.680,1015.380)  106.920   -       
-------------------------------------------------------------------------------------------------------

Timing for timing corner delay_bc:hold.early, min clock_path:
=============================================================

PathID    : 37
Path type : skew group clk_sys/func_mode_ideal_bc (path 1 of 1)
Start     : clk_i
End       : i_croc_soc/i_croc/i_dm_top_i_dm_top/i_dm_csrs_progbuf_o_48__reg/CLK
Delay     :  0.537

-------------------------------------------------------------------------------------------------------
Name  Lib cell        Event  Incr   Arrival  Slew   Cap    Location            Distance  Fanout  Status
                             (ns)   (ns)     (ns)   (pF)                       (um)              
-- Clockpath trace ------------------------------------------------------------------------------------
clk_i
-     -               rise   -       0.000   0.251  0.240  (220.000,1838.520)  -            1    
pad_clk_i/pad
-     sg13g2_IOPadIn  rise   0.001   0.001   0.251  -      (220.000,1838.520)    0.000   -       
pad_clk_i/p2c
-     sg13g2_IOPadIn  rise   0.063   0.064   0.081  0.059  (220.025,1660.165)  178.380      1    
i_croc_soc/CTS_ccl_buf_00493/A
-     sg13g2_buf_8    rise   0.012   0.076   0.055  -      (349.920,1381.620)  408.440   -       
i_croc_soc/CTS_ccl_buf_00493/X
-     sg13g2_buf_8    rise   0.072   0.148   0.088  0.293  (351.840,1380.780)    2.760      6    
i_croc_soc/i_croc/CTS_ccl_a_buf_00483/A
-     sg13g2_buf_8    rise   0.090   0.237   0.197  -      (516.480,965.820)   579.600   -       
i_croc_soc/i_croc/CTS_ccl_a_buf_00483/X
-     sg13g2_buf_8    rise   0.148   0.386   0.145  0.400  (518.400,964.980)     2.760     26    
i_croc_soc/i_croc/i_dm_top_i_dm_top/CTS_ccl_a_buf_00256/A
-     sg13g2_buf_8    rise   0.025   0.411   0.166  -      (526.560,965.820)     9.000   -       
i_croc_soc/i_croc/i_dm_top_i_dm_top/CTS_ccl_a_buf_00256/X
-     sg13g2_buf_8    rise   0.116   0.527   0.064  0.149  (528.480,964.980)     2.760     32    
i_croc_soc/i_croc/i_dm_top_i_dm_top/i_dm_csrs_progbuf_o_48__reg/CLK
-     sg13g2_dfrbp_1  rise   0.010   0.537   0.068  -      (522.240,970.020)    11.280   -       
-------------------------------------------------------------------------------------------------------

Timing for timing corner delay_bc:hold.early, max clock_path:
=============================================================

PathID    : 38
Path type : skew group clk_sys/func_mode_ideal_bc (path 1 of 1)
Start     : clk_i
End       : i_croc_soc/i_croc/i_core_wrap/i_ibex_register_file_i/rf_reg_808__reg/CLK
Delay     :  0.655

-------------------------------------------------------------------------------------------------------
Name  Lib cell        Event  Incr   Arrival  Slew   Cap    Location            Distance  Fanout  Status
                             (ns)   (ns)     (ns)   (pF)                       (um)              
-- Clockpath trace ------------------------------------------------------------------------------------
clk_i
-     -               rise   -       0.000   0.251  0.240  (220.000,1838.520)  -            1    
pad_clk_i/pad
-     sg13g2_IOPadIn  rise   0.001   0.001   0.251  -      (220.000,1838.520)     0.000  -       
pad_clk_i/p2c
-     sg13g2_IOPadIn  rise   0.063   0.064   0.081  0.059  (220.025,1660.165)   178.380     1    
i_croc_soc/CTS_ccl_buf_00493/A
-     sg13g2_buf_8    rise   0.012   0.076   0.055  -      (349.920,1381.620)   408.440  -       
i_croc_soc/CTS_ccl_buf_00493/X
-     sg13g2_buf_8    rise   0.072   0.148   0.088  0.293  (351.840,1380.780)     2.760     6    
i_croc_soc/i_croc/CTS_ccl_a_buf_00485/A
-     sg13g2_buf_8    rise   0.115   0.262   0.199  -      (891.840,618.060)   1302.720  -       
i_croc_soc/i_croc/CTS_ccl_a_buf_00485/X
-     sg13g2_buf_8    rise   0.135   0.398   0.147  0.417  (893.760,617.220)      2.760    27    
i_croc_soc/i_croc/i_core_wrap/i_ibex_register_file_i/CTS_ccl_a_buf_00406/A
-     sg13g2_buf_8    rise   0.113   0.511   0.219  -      (1335.360,648.300)   472.680  -       
i_croc_soc/i_croc/i_core_wrap/i_ibex_register_file_i/CTS_ccl_a_buf_00406/X
-     sg13g2_buf_8    rise   0.129   0.640   0.064  0.146  (1337.280,647.460)     2.760    32    
i_croc_soc/i_croc/i_core_wrap/i_ibex_register_file_i/rf_reg_808__reg/CLK
-     sg13g2_dfrbp_1  rise   0.016   0.655   0.067  -      (1398.720,697.860)   111.840  -       
-------------------------------------------------------------------------------------------------------

Timing for timing corner delay_bc:hold.late, min clock_path:
============================================================

PathID    : 39
Path type : skew group clk_sys/func_mode_ideal_bc (path 1 of 1)
Start     : clk_i
End       : i_croc_soc/i_croc/i_dm_top_i_dm_top/i_dm_csrs_progbuf_o_48__reg/CLK
Delay     :  0.537

-------------------------------------------------------------------------------------------------------
Name  Lib cell        Event  Incr   Arrival  Slew   Cap    Location            Distance  Fanout  Status
                             (ns)   (ns)     (ns)   (pF)                       (um)              
-- Clockpath trace ------------------------------------------------------------------------------------
clk_i
-     -               rise   -       0.000   0.258  0.240  (220.000,1838.520)  -            1    
pad_clk_i/pad
-     sg13g2_IOPadIn  rise   0.002   0.002   0.258  -      (220.000,1838.520)    0.000   -       
pad_clk_i/p2c
-     sg13g2_IOPadIn  rise   0.063   0.065   0.081  0.059  (220.025,1660.165)  178.380      1    
i_croc_soc/CTS_ccl_buf_00493/A
-     sg13g2_buf_8    rise   0.012   0.077   0.055  -      (349.920,1381.620)  408.440   -       
i_croc_soc/CTS_ccl_buf_00493/X
-     sg13g2_buf_8    rise   0.072   0.149   0.088  0.293  (351.840,1380.780)    2.760      6    
i_croc_soc/i_croc/CTS_ccl_a_buf_00483/A
-     sg13g2_buf_8    rise   0.090   0.238   0.197  -      (516.480,965.820)   579.600   -       
i_croc_soc/i_croc/CTS_ccl_a_buf_00483/X
-     sg13g2_buf_8    rise   0.148   0.387   0.145  0.400  (518.400,964.980)     2.760     26    
i_croc_soc/i_croc/i_dm_top_i_dm_top/CTS_ccl_a_buf_00256/A
-     sg13g2_buf_8    rise   0.025   0.412   0.166  -      (526.560,965.820)     9.000   -       
i_croc_soc/i_croc/i_dm_top_i_dm_top/CTS_ccl_a_buf_00256/X
-     sg13g2_buf_8    rise   0.116   0.528   0.064  0.149  (528.480,964.980)     2.760     32    
i_croc_soc/i_croc/i_dm_top_i_dm_top/i_dm_csrs_progbuf_o_48__reg/CLK
-     sg13g2_dfrbp_1  rise   0.010   0.537   0.068  -      (522.240,970.020)    11.280   -       
-------------------------------------------------------------------------------------------------------

Timing for timing corner delay_bc:hold.late, max clock_path:
============================================================

PathID    : 40
Path type : skew group clk_sys/func_mode_ideal_bc (path 1 of 1)
Start     : clk_i
End       : i_croc_soc/i_croc/i_core_wrap/i_ibex_register_file_i/rf_reg_808__reg/CLK
Delay     :  0.656

-------------------------------------------------------------------------------------------------------
Name  Lib cell        Event  Incr   Arrival  Slew   Cap    Location            Distance  Fanout  Status
                             (ns)   (ns)     (ns)   (pF)                       (um)              
-- Clockpath trace ------------------------------------------------------------------------------------
clk_i
-     -               rise   -       0.000   0.258  0.240  (220.000,1838.520)  -            1    
pad_clk_i/pad
-     sg13g2_IOPadIn  rise   0.002   0.002   0.258  -      (220.000,1838.520)     0.000  -       
pad_clk_i/p2c
-     sg13g2_IOPadIn  rise   0.063   0.065   0.081  0.059  (220.025,1660.165)   178.380     1    
i_croc_soc/CTS_ccl_buf_00493/A
-     sg13g2_buf_8    rise   0.012   0.077   0.055  -      (349.920,1381.620)   408.440  -       
i_croc_soc/CTS_ccl_buf_00493/X
-     sg13g2_buf_8    rise   0.072   0.149   0.088  0.293  (351.840,1380.780)     2.760     6    
i_croc_soc/i_croc/CTS_ccl_a_buf_00485/A
-     sg13g2_buf_8    rise   0.115   0.263   0.199  -      (891.840,618.060)   1302.720  -       
i_croc_soc/i_croc/CTS_ccl_a_buf_00485/X
-     sg13g2_buf_8    rise   0.135   0.399   0.147  0.417  (893.760,617.220)      2.760    27    
i_croc_soc/i_croc/i_core_wrap/i_ibex_register_file_i/CTS_ccl_a_buf_00406/A
-     sg13g2_buf_8    rise   0.113   0.512   0.219  -      (1335.360,648.300)   472.680  -       
i_croc_soc/i_croc/i_core_wrap/i_ibex_register_file_i/CTS_ccl_a_buf_00406/X
-     sg13g2_buf_8    rise   0.129   0.641   0.064  0.146  (1337.280,647.460)     2.760    32    
i_croc_soc/i_croc/i_core_wrap/i_ibex_register_file_i/rf_reg_808__reg/CLK
-     sg13g2_dfrbp_1  rise   0.016   0.656   0.067  -      (1398.720,697.860)   111.840  -       
-------------------------------------------------------------------------------------------------------

Timing for timing corner delay_wc:setup.early, min clock_path:
==============================================================

PathID    : 41
Path type : skew group clk_sys/func_mode_ideal_wc (path 1 of 1)
Start     : clk_i
End       : i_croc_soc/i_croc/i_dm_top_i_dm_top/i_dm_csrs_progbuf_o_48__reg/CLK
Delay     :  1.213

-------------------------------------------------------------------------------------------------------
Name  Lib cell        Event  Incr   Arrival  Slew   Cap    Location            Distance  Fanout  Status
                             (ns)   (ns)     (ns)   (pF)                       (um)              
-- Clockpath trace ------------------------------------------------------------------------------------
clk_i
-     -               rise   -       0.000   0.340  0.245  (220.000,1838.520)  -            1    
pad_clk_i/pad
-     sg13g2_IOPadIn  rise   0.001   0.001   0.340  -      (220.000,1838.520)    0.000   -       
pad_clk_i/p2c
-     sg13g2_IOPadIn  rise   0.166   0.167   0.182  0.058  (220.025,1660.165)  178.380      1    
i_croc_soc/CTS_ccl_buf_00493/A
-     sg13g2_buf_8    rise   0.011   0.178   0.119  -      (349.920,1381.620)  408.440   -       
i_croc_soc/CTS_ccl_buf_00493/X
-     sg13g2_buf_8    rise   0.229   0.407   0.257  0.285  (351.840,1380.780)    2.760      6    
i_croc_soc/i_croc/CTS_ccl_a_buf_00483/A
-     sg13g2_buf_8    rise   0.096   0.503   0.307  -      (516.480,965.820)   579.600   -       
i_croc_soc/i_croc/CTS_ccl_a_buf_00483/X
-     sg13g2_buf_8    rise   0.386   0.889   0.324  0.369  (518.400,964.980)     2.760     26    
i_croc_soc/i_croc/i_dm_top_i_dm_top/CTS_ccl_a_buf_00256/A
-     sg13g2_buf_8    rise   0.024   0.913   0.331  -      (526.560,965.820)     9.000   -       
i_croc_soc/i_croc/i_dm_top_i_dm_top/CTS_ccl_a_buf_00256/X
-     sg13g2_buf_8    rise   0.292   1.204   0.135  0.137  (528.480,964.980)     2.760     32    
i_croc_soc/i_croc/i_dm_top_i_dm_top/i_dm_csrs_progbuf_o_48__reg/CLK
-     sg13g2_dfrbp_1  rise   0.009   1.213   0.136  -      (522.240,970.020)    11.280   -       
-------------------------------------------------------------------------------------------------------

Timing for timing corner delay_wc:setup.early, max clock_path:
==============================================================

PathID    : 42
Path type : skew group clk_sys/func_mode_ideal_wc (path 1 of 1)
Start     : clk_i
End       : i_croc_soc/i_croc/i_dm_top_i_dm_top/i_dm_csrs_progbuf_o_238__reg/CLK
Delay     :  1.354

-------------------------------------------------------------------------------------------------------
Name  Lib cell        Event  Incr   Arrival  Slew   Cap    Location            Distance  Fanout  Status
                             (ns)   (ns)     (ns)   (pF)                       (um)              
-- Clockpath trace ------------------------------------------------------------------------------------
clk_i
-     -               rise   -       0.000   0.340  0.245  (220.000,1838.520)  -            1    
pad_clk_i/pad
-     sg13g2_IOPadIn  rise   0.001   0.001   0.340  -      (220.000,1838.520)    0.000   -       
pad_clk_i/p2c
-     sg13g2_IOPadIn  rise   0.166   0.167   0.182  0.058  (220.025,1660.165)  178.380      1    
i_croc_soc/CTS_ccl_buf_00493/A
-     sg13g2_buf_8    rise   0.011   0.178   0.119  -      (349.920,1381.620)  408.440   -       
i_croc_soc/CTS_ccl_buf_00493/X
-     sg13g2_buf_8    rise   0.229   0.407   0.257  0.285  (351.840,1380.780)    2.760      6    
i_croc_soc/i_croc/CTS_ccl_a_buf_00483/A
-     sg13g2_buf_8    rise   0.096   0.503   0.307  -      (516.480,965.820)   579.600   -       
i_croc_soc/i_croc/CTS_ccl_a_buf_00483/X
-     sg13g2_buf_8    rise   0.386   0.889   0.324  0.369  (518.400,964.980)     2.760     26    
i_croc_soc/i_croc/i_dm_top_i_dm_top/CTS_ccl_a_buf_00282/A
-     sg13g2_buf_4    rise   0.032   0.921   0.334  -      (466.560,958.260)    58.560   -       
i_croc_soc/i_croc/i_dm_top_i_dm_top/CTS_ccl_a_buf_00282/X
-     sg13g2_buf_4    rise   0.416   1.336   0.235  0.134  (464.640,957.420)     2.760     32    
i_croc_soc/i_croc/i_dm_top_i_dm_top/i_dm_csrs_progbuf_o_238__reg/CLK
-     sg13g2_dfrbp_1  rise   0.018   1.354   0.236  -      (415.680,1015.380)  106.920   -       
-------------------------------------------------------------------------------------------------------

Timing for timing corner delay_wc:setup.late, min clock_path:
=============================================================

PathID    : 43
Path type : skew group clk_sys/func_mode_ideal_wc (path 1 of 1)
Start     : clk_i
End       : i_croc_soc/i_croc/i_dm_top_i_dm_top/i_dm_csrs_progbuf_o_48__reg/CLK
Delay     :  1.214

-------------------------------------------------------------------------------------------------------
Name  Lib cell        Event  Incr   Arrival  Slew   Cap    Location            Distance  Fanout  Status
                             (ns)   (ns)     (ns)   (pF)                       (um)              
-- Clockpath trace ------------------------------------------------------------------------------------
clk_i
-     -               rise   -       0.000   0.350  0.245  (220.000,1838.520)  -            1    
pad_clk_i/pad
-     sg13g2_IOPadIn  rise   0.002   0.002   0.350  -      (220.000,1838.520)    0.000   -       
pad_clk_i/p2c
-     sg13g2_IOPadIn  rise   0.166   0.168   0.182  0.058  (220.025,1660.165)  178.380      1    
i_croc_soc/CTS_ccl_buf_00493/A
-     sg13g2_buf_8    rise   0.011   0.179   0.119  -      (349.920,1381.620)  408.440   -       
i_croc_soc/CTS_ccl_buf_00493/X
-     sg13g2_buf_8    rise   0.229   0.408   0.257  0.285  (351.840,1380.780)    2.760      6    
i_croc_soc/i_croc/CTS_ccl_a_buf_00483/A
-     sg13g2_buf_8    rise   0.096   0.504   0.307  -      (516.480,965.820)   579.600   -       
i_croc_soc/i_croc/CTS_ccl_a_buf_00483/X
-     sg13g2_buf_8    rise   0.386   0.890   0.324  0.369  (518.400,964.980)     2.760     26    
i_croc_soc/i_croc/i_dm_top_i_dm_top/CTS_ccl_a_buf_00256/A
-     sg13g2_buf_8    rise   0.024   0.914   0.331  -      (526.560,965.820)     9.000   -       
i_croc_soc/i_croc/i_dm_top_i_dm_top/CTS_ccl_a_buf_00256/X
-     sg13g2_buf_8    rise   0.292   1.205   0.135  0.137  (528.480,964.980)     2.760     32    
i_croc_soc/i_croc/i_dm_top_i_dm_top/i_dm_csrs_progbuf_o_48__reg/CLK
-     sg13g2_dfrbp_1  rise   0.009   1.214   0.136  -      (522.240,970.020)    11.280   -       
-------------------------------------------------------------------------------------------------------

Timing for timing corner delay_wc:setup.late, max clock_path:
=============================================================

PathID    : 44
Path type : skew group clk_sys/func_mode_ideal_wc (path 1 of 1)
Start     : clk_i
End       : i_croc_soc/i_croc/i_dm_top_i_dm_top/i_dm_csrs_progbuf_o_238__reg/CLK
Delay     :  1.355

-------------------------------------------------------------------------------------------------------
Name  Lib cell        Event  Incr   Arrival  Slew   Cap    Location            Distance  Fanout  Status
                             (ns)   (ns)     (ns)   (pF)                       (um)              
-- Clockpath trace ------------------------------------------------------------------------------------
clk_i
-     -               rise   -       0.000   0.350  0.245  (220.000,1838.520)  -            1    
pad_clk_i/pad
-     sg13g2_IOPadIn  rise   0.002   0.002   0.350  -      (220.000,1838.520)    0.000   -       
pad_clk_i/p2c
-     sg13g2_IOPadIn  rise   0.166   0.168   0.182  0.058  (220.025,1660.165)  178.380      1    
i_croc_soc/CTS_ccl_buf_00493/A
-     sg13g2_buf_8    rise   0.011   0.179   0.119  -      (349.920,1381.620)  408.440   -       
i_croc_soc/CTS_ccl_buf_00493/X
-     sg13g2_buf_8    rise   0.229   0.408   0.257  0.285  (351.840,1380.780)    2.760      6    
i_croc_soc/i_croc/CTS_ccl_a_buf_00483/A
-     sg13g2_buf_8    rise   0.096   0.504   0.307  -      (516.480,965.820)   579.600   -       
i_croc_soc/i_croc/CTS_ccl_a_buf_00483/X
-     sg13g2_buf_8    rise   0.386   0.890   0.324  0.369  (518.400,964.980)     2.760     26    
i_croc_soc/i_croc/i_dm_top_i_dm_top/CTS_ccl_a_buf_00282/A
-     sg13g2_buf_4    rise   0.032   0.922   0.334  -      (466.560,958.260)    58.560   -       
i_croc_soc/i_croc/i_dm_top_i_dm_top/CTS_ccl_a_buf_00282/X
-     sg13g2_buf_4    rise   0.416   1.337   0.235  0.134  (464.640,957.420)     2.760     32    
i_croc_soc/i_croc/i_dm_top_i_dm_top/i_dm_csrs_progbuf_o_238__reg/CLK
-     sg13g2_dfrbp_1  rise   0.018   1.355   0.236  -      (415.680,1015.380)  106.920   -       
-------------------------------------------------------------------------------------------------------

Timing for timing corner delay_bc:hold.early, min clock_path:
=============================================================

PathID    : 45
Path type : skew group clk_sys/func_mode_ideal_wc (path 1 of 1)
Start     : clk_i
End       : i_croc_soc/i_croc/i_dm_top_i_dm_top/i_dm_csrs_progbuf_o_48__reg/CLK
Delay     :  0.537

-------------------------------------------------------------------------------------------------------
Name  Lib cell        Event  Incr   Arrival  Slew   Cap    Location            Distance  Fanout  Status
                             (ns)   (ns)     (ns)   (pF)                       (um)              
-- Clockpath trace ------------------------------------------------------------------------------------
clk_i
-     -               rise   -       0.000   0.251  0.240  (220.000,1838.520)  -            1    
pad_clk_i/pad
-     sg13g2_IOPadIn  rise   0.001   0.001   0.251  -      (220.000,1838.520)    0.000   -       
pad_clk_i/p2c
-     sg13g2_IOPadIn  rise   0.063   0.064   0.081  0.059  (220.025,1660.165)  178.380      1    
i_croc_soc/CTS_ccl_buf_00493/A
-     sg13g2_buf_8    rise   0.012   0.076   0.055  -      (349.920,1381.620)  408.440   -       
i_croc_soc/CTS_ccl_buf_00493/X
-     sg13g2_buf_8    rise   0.072   0.148   0.088  0.293  (351.840,1380.780)    2.760      6    
i_croc_soc/i_croc/CTS_ccl_a_buf_00483/A
-     sg13g2_buf_8    rise   0.090   0.237   0.197  -      (516.480,965.820)   579.600   -       
i_croc_soc/i_croc/CTS_ccl_a_buf_00483/X
-     sg13g2_buf_8    rise   0.148   0.386   0.145  0.400  (518.400,964.980)     2.760     26    
i_croc_soc/i_croc/i_dm_top_i_dm_top/CTS_ccl_a_buf_00256/A
-     sg13g2_buf_8    rise   0.025   0.411   0.166  -      (526.560,965.820)     9.000   -       
i_croc_soc/i_croc/i_dm_top_i_dm_top/CTS_ccl_a_buf_00256/X
-     sg13g2_buf_8    rise   0.116   0.527   0.064  0.149  (528.480,964.980)     2.760     32    
i_croc_soc/i_croc/i_dm_top_i_dm_top/i_dm_csrs_progbuf_o_48__reg/CLK
-     sg13g2_dfrbp_1  rise   0.010   0.537   0.068  -      (522.240,970.020)    11.280   -       
-------------------------------------------------------------------------------------------------------

Timing for timing corner delay_bc:hold.early, max clock_path:
=============================================================

PathID    : 46
Path type : skew group clk_sys/func_mode_ideal_wc (path 1 of 1)
Start     : clk_i
End       : i_croc_soc/i_croc/i_core_wrap/i_ibex_register_file_i/rf_reg_808__reg/CLK
Delay     :  0.655

-------------------------------------------------------------------------------------------------------
Name  Lib cell        Event  Incr   Arrival  Slew   Cap    Location            Distance  Fanout  Status
                             (ns)   (ns)     (ns)   (pF)                       (um)              
-- Clockpath trace ------------------------------------------------------------------------------------
clk_i
-     -               rise   -       0.000   0.251  0.240  (220.000,1838.520)  -            1    
pad_clk_i/pad
-     sg13g2_IOPadIn  rise   0.001   0.001   0.251  -      (220.000,1838.520)     0.000  -       
pad_clk_i/p2c
-     sg13g2_IOPadIn  rise   0.063   0.064   0.081  0.059  (220.025,1660.165)   178.380     1    
i_croc_soc/CTS_ccl_buf_00493/A
-     sg13g2_buf_8    rise   0.012   0.076   0.055  -      (349.920,1381.620)   408.440  -       
i_croc_soc/CTS_ccl_buf_00493/X
-     sg13g2_buf_8    rise   0.072   0.148   0.088  0.293  (351.840,1380.780)     2.760     6    
i_croc_soc/i_croc/CTS_ccl_a_buf_00485/A
-     sg13g2_buf_8    rise   0.115   0.262   0.199  -      (891.840,618.060)   1302.720  -       
i_croc_soc/i_croc/CTS_ccl_a_buf_00485/X
-     sg13g2_buf_8    rise   0.135   0.398   0.147  0.417  (893.760,617.220)      2.760    27    
i_croc_soc/i_croc/i_core_wrap/i_ibex_register_file_i/CTS_ccl_a_buf_00406/A
-     sg13g2_buf_8    rise   0.113   0.511   0.219  -      (1335.360,648.300)   472.680  -       
i_croc_soc/i_croc/i_core_wrap/i_ibex_register_file_i/CTS_ccl_a_buf_00406/X
-     sg13g2_buf_8    rise   0.129   0.640   0.064  0.146  (1337.280,647.460)     2.760    32    
i_croc_soc/i_croc/i_core_wrap/i_ibex_register_file_i/rf_reg_808__reg/CLK
-     sg13g2_dfrbp_1  rise   0.016   0.655   0.067  -      (1398.720,697.860)   111.840  -       
-------------------------------------------------------------------------------------------------------

Timing for timing corner delay_bc:hold.late, min clock_path:
============================================================

PathID    : 47
Path type : skew group clk_sys/func_mode_ideal_wc (path 1 of 1)
Start     : clk_i
End       : i_croc_soc/i_croc/i_dm_top_i_dm_top/i_dm_csrs_progbuf_o_48__reg/CLK
Delay     :  0.537

-------------------------------------------------------------------------------------------------------
Name  Lib cell        Event  Incr   Arrival  Slew   Cap    Location            Distance  Fanout  Status
                             (ns)   (ns)     (ns)   (pF)                       (um)              
-- Clockpath trace ------------------------------------------------------------------------------------
clk_i
-     -               rise   -       0.000   0.258  0.240  (220.000,1838.520)  -            1    
pad_clk_i/pad
-     sg13g2_IOPadIn  rise   0.002   0.002   0.258  -      (220.000,1838.520)    0.000   -       
pad_clk_i/p2c
-     sg13g2_IOPadIn  rise   0.063   0.065   0.081  0.059  (220.025,1660.165)  178.380      1    
i_croc_soc/CTS_ccl_buf_00493/A
-     sg13g2_buf_8    rise   0.012   0.077   0.055  -      (349.920,1381.620)  408.440   -       
i_croc_soc/CTS_ccl_buf_00493/X
-     sg13g2_buf_8    rise   0.072   0.149   0.088  0.293  (351.840,1380.780)    2.760      6    
i_croc_soc/i_croc/CTS_ccl_a_buf_00483/A
-     sg13g2_buf_8    rise   0.090   0.238   0.197  -      (516.480,965.820)   579.600   -       
i_croc_soc/i_croc/CTS_ccl_a_buf_00483/X
-     sg13g2_buf_8    rise   0.148   0.387   0.145  0.400  (518.400,964.980)     2.760     26    
i_croc_soc/i_croc/i_dm_top_i_dm_top/CTS_ccl_a_buf_00256/A
-     sg13g2_buf_8    rise   0.025   0.412   0.166  -      (526.560,965.820)     9.000   -       
i_croc_soc/i_croc/i_dm_top_i_dm_top/CTS_ccl_a_buf_00256/X
-     sg13g2_buf_8    rise   0.116   0.528   0.064  0.149  (528.480,964.980)     2.760     32    
i_croc_soc/i_croc/i_dm_top_i_dm_top/i_dm_csrs_progbuf_o_48__reg/CLK
-     sg13g2_dfrbp_1  rise   0.010   0.537   0.068  -      (522.240,970.020)    11.280   -       
-------------------------------------------------------------------------------------------------------

Timing for timing corner delay_bc:hold.late, max clock_path:
============================================================

PathID    : 48
Path type : skew group clk_sys/func_mode_ideal_wc (path 1 of 1)
Start     : clk_i
End       : i_croc_soc/i_croc/i_core_wrap/i_ibex_register_file_i/rf_reg_808__reg/CLK
Delay     :  0.656

-------------------------------------------------------------------------------------------------------
Name  Lib cell        Event  Incr   Arrival  Slew   Cap    Location            Distance  Fanout  Status
                             (ns)   (ns)     (ns)   (pF)                       (um)              
-- Clockpath trace ------------------------------------------------------------------------------------
clk_i
-     -               rise   -       0.000   0.258  0.240  (220.000,1838.520)  -            1    
pad_clk_i/pad
-     sg13g2_IOPadIn  rise   0.002   0.002   0.258  -      (220.000,1838.520)     0.000  -       
pad_clk_i/p2c
-     sg13g2_IOPadIn  rise   0.063   0.065   0.081  0.059  (220.025,1660.165)   178.380     1    
i_croc_soc/CTS_ccl_buf_00493/A
-     sg13g2_buf_8    rise   0.012   0.077   0.055  -      (349.920,1381.620)   408.440  -       
i_croc_soc/CTS_ccl_buf_00493/X
-     sg13g2_buf_8    rise   0.072   0.149   0.088  0.293  (351.840,1380.780)     2.760     6    
i_croc_soc/i_croc/CTS_ccl_a_buf_00485/A
-     sg13g2_buf_8    rise   0.115   0.263   0.199  -      (891.840,618.060)   1302.720  -       
i_croc_soc/i_croc/CTS_ccl_a_buf_00485/X
-     sg13g2_buf_8    rise   0.135   0.399   0.147  0.417  (893.760,617.220)      2.760    27    
i_croc_soc/i_croc/i_core_wrap/i_ibex_register_file_i/CTS_ccl_a_buf_00406/A
-     sg13g2_buf_8    rise   0.113   0.512   0.219  -      (1335.360,648.300)   472.680  -       
i_croc_soc/i_croc/i_core_wrap/i_ibex_register_file_i/CTS_ccl_a_buf_00406/X
-     sg13g2_buf_8    rise   0.129   0.641   0.064  0.146  (1337.280,647.460)     2.760    32    
i_croc_soc/i_croc/i_core_wrap/i_ibex_register_file_i/rf_reg_808__reg/CLK
-     sg13g2_dfrbp_1  rise   0.016   0.656   0.067  -      (1398.720,697.860)   111.840  -       
-------------------------------------------------------------------------------------------------------

