Usage: (10.3%H 7.5%V) = (9.889e+05um 8.280e+05um) = (261601 219042)
Overflow: 135 = 75 (0.05% H) + 60 (0.03% V)

Congestion distribution:

Remain	cntH		cntV
--------------------------------------
 -3:	0	 0.00%	1	 0.00%
 -2:	19	 0.01%	9	 0.01%
 -1:	48	 0.03%	46	 0.03%
--------------------------------------
  0:	146	 0.09%	341	 0.20%
  1:	428	 0.27%	1220	 0.70%
  2:	1014	 0.63%	2485	 1.43%
  3:	756	 0.47%	4264	 2.45%
  4:	1532	 0.95%	4622	 2.66%
  5:	157108	97.55%	160942	92.53%
[hotspot] +------------+---------------+---------------+
[hotspot] |            |   max hotspot | total hotspot |
[hotspot] +------------+---------------+---------------+
[hotspot] | normalized |          0.00 |          0.00 |
[hotspot] +------------+---------------+---------------+
Local HotSpot Analysis: normalized max congestion hotspot area = 0.00, normalized total congestion hotspot area = 0.00 (area is in unit of 4 std-cell row bins)
